Simulator report for demux_1_8
Mon Aug 19 14:51:20 2019
Quartus II Version 9.0 Build 132 02/25/2009 SJ Web Edition


---------------------
; Table of Contents ;
---------------------
  1. Legal Notice
  2. Simulator Summary
  3. Simulator Settings
  4. Simulation Waveforms
  5. Coverage Summary
  6. Complete 1/0-Value Coverage
  7. Missing 1-Value Coverage
  8. Missing 0-Value Coverage
  9. Simulator INI Usage
 10. Simulator Messages



----------------
; Legal Notice ;
----------------
Copyright (C) 1991-2009 Altera Corporation
Your use of Altera Corporation's design tools, logic functions 
and other software and tools, and its AMPP partner logic 
functions, and any output files from any of the foregoing 
(including device programming or simulation files), and any 
associated documentation or information are expressly subject 
to the terms and conditions of the Altera Program License 
Subscription Agreement, Altera MegaCore Function License 
Agreement, or other applicable license agreement, including, 
without limitation, that your use is for the sole purpose of 
programming logic devices manufactured by Altera and sold by 
Altera or its authorized distributors.  Please refer to the 
applicable agreement for further details.



+--------------------------------------------+
; Simulator Summary                          ;
+-----------------------------+--------------+
; Type                        ; Value        ;
+-----------------------------+--------------+
; Simulation Start Time       ; 0 ps         ;
; Simulation End Time         ; 1.0 us       ;
; Simulation Netlist Size     ; 389 nodes    ;
; Simulation Coverage         ;      69.67 % ;
; Total Number of Transitions ; 83670        ;
; Simulation Breakpoints      ; 0            ;
; Family                      ; Cyclone III  ;
+-----------------------------+--------------+


+-------------------------------------------------------------------------------------------------------------------------+
; Simulator Settings                                                                                                      ;
+--------------------------------------------------------------------------------------------+------------+---------------+
; Option                                                                                     ; Setting    ; Default Value ;
+--------------------------------------------------------------------------------------------+------------+---------------+
; Simulation mode                                                                            ; Functional ; Timing        ;
; Start time                                                                                 ; 0 ns       ; 0 ns          ;
; Simulation results format                                                                  ; CVWF       ;               ;
; Add pins automatically to simulation output waveforms                                      ; On         ; On            ;
; Check outputs                                                                              ; Off        ; Off           ;
; Report simulation coverage                                                                 ; On         ; On            ;
; Display complete 1/0 value coverage report                                                 ; On         ; On            ;
; Display missing 1-value coverage report                                                    ; On         ; On            ;
; Display missing 0-value coverage report                                                    ; On         ; On            ;
; Detect setup and hold time violations                                                      ; Off        ; Off           ;
; Detect glitches                                                                            ; Off        ; Off           ;
; Disable timing delays in Timing Simulation                                                 ; Off        ; Off           ;
; Generate Signal Activity File                                                              ; Off        ; Off           ;
; Generate VCD File for PowerPlay Power Analyzer                                             ; Off        ; Off           ;
; Group bus channels in simulation results                                                   ; Off        ; Off           ;
; Preserve fewer signal transitions to reduce memory requirements                            ; On         ; On            ;
; Trigger vector comparison with the specified mode                                          ; INPUT_EDGE ; INPUT_EDGE    ;
; Disable setup and hold time violations detection in input registers of bi-directional pins ; Off        ; Off           ;
; Overwrite Waveform Inputs With Simulation Outputs                                          ; Off        ;               ;
; Perform Glitch Filtering in Timing Simulation                                              ; Auto       ; Auto          ;
; Interconnect Delay Model Type                                                              ; Transport  ; Transport     ;
; Cell Delay Model Type                                                                      ; Transport  ; Transport     ;
+--------------------------------------------------------------------------------------------+------------+---------------+


+----------------------+
; Simulation Waveforms ;
+----------------------+
Waveform report data cannot be output to ASCII.
Please use Quartus II to view the waveform report data.


+--------------------------------------------------------------------+
; Coverage Summary                                                   ;
+-----------------------------------------------------+--------------+
; Type                                                ; Value        ;
+-----------------------------------------------------+--------------+
; Total coverage as a percentage                      ;      69.67 % ;
; Total nodes checked                                 ; 389          ;
; Total output ports checked                          ; 389          ;
; Total output ports with complete 1/0-value coverage ; 271          ;
; Total output ports with no 1/0-value coverage       ; 118          ;
; Total output ports with no 1-value coverage         ; 118          ;
; Total output ports with no 0-value coverage         ; 118          ;
+-----------------------------------------------------+--------------+


The following table displays output ports that toggle between 1 and 0 during simulation.
+------------------------------------------------------------------------------------------------------------------------------------------------------+
; Complete 1/0-Value Coverage                                                                                                                          ;
+-----------------------------------------------------------------+-----------------------------------------------------------------+------------------+
; Node Name                                                       ; Output Port Name                                                ; Output Port Type ;
+-----------------------------------------------------------------+-----------------------------------------------------------------+------------------+
; |demux_1_8|y~0                                                  ; |demux_1_8|y~0                                                  ; out              ;
; |demux_1_8|y~1                                                  ; |demux_1_8|y~1                                                  ; out              ;
; |demux_1_8|y~2                                                  ; |demux_1_8|y~2                                                  ; out              ;
; |demux_1_8|y~3                                                  ; |demux_1_8|y~3                                                  ; out              ;
; |demux_1_8|y~4                                                  ; |demux_1_8|y~4                                                  ; out              ;
; |demux_1_8|y~5                                                  ; |demux_1_8|y~5                                                  ; out              ;
; |demux_1_8|y~6                                                  ; |demux_1_8|y~6                                                  ; out              ;
; |demux_1_8|y~7                                                  ; |demux_1_8|y~7                                                  ; out              ;
; |demux_1_8|s[0]                                                 ; |demux_1_8|s[0]                                                 ; out              ;
; |demux_1_8|s[1]                                                 ; |demux_1_8|s[1]                                                 ; out              ;
; |demux_1_8|s[2]                                                 ; |demux_1_8|s[2]                                                 ; out              ;
; |demux_1_8|y[0]                                                 ; |demux_1_8|y[0]                                                 ; pin_out          ;
; |demux_1_8|y[1]                                                 ; |demux_1_8|y[1]                                                 ; pin_out          ;
; |demux_1_8|y[2]                                                 ; |demux_1_8|y[2]                                                 ; pin_out          ;
; |demux_1_8|y[3]                                                 ; |demux_1_8|y[3]                                                 ; pin_out          ;
; |demux_1_8|y[4]                                                 ; |demux_1_8|y[4]                                                 ; pin_out          ;
; |demux_1_8|y[5]                                                 ; |demux_1_8|y[5]                                                 ; pin_out          ;
; |demux_1_8|y[6]                                                 ; |demux_1_8|y[6]                                                 ; pin_out          ;
; |demux_1_8|y[7]                                                 ; |demux_1_8|y[7]                                                 ; pin_out          ;
; |demux_1_8|lpm_mux:Mux7|mux_cqc:auto_generated|_~1              ; |demux_1_8|lpm_mux:Mux7|mux_cqc:auto_generated|_~1              ; out0             ;
; |demux_1_8|lpm_mux:Mux7|mux_cqc:auto_generated|_~3              ; |demux_1_8|lpm_mux:Mux7|mux_cqc:auto_generated|_~3              ; out0             ;
; |demux_1_8|lpm_mux:Mux7|mux_cqc:auto_generated|_~5              ; |demux_1_8|lpm_mux:Mux7|mux_cqc:auto_generated|_~5              ; out0             ;
; |demux_1_8|lpm_mux:Mux7|mux_cqc:auto_generated|_~6              ; |demux_1_8|lpm_mux:Mux7|mux_cqc:auto_generated|_~6              ; out0             ;
; |demux_1_8|lpm_mux:Mux7|mux_cqc:auto_generated|_~7              ; |demux_1_8|lpm_mux:Mux7|mux_cqc:auto_generated|_~7              ; out0             ;
; |demux_1_8|lpm_mux:Mux7|mux_cqc:auto_generated|_~8              ; |demux_1_8|lpm_mux:Mux7|mux_cqc:auto_generated|_~8              ; out0             ;
; |demux_1_8|lpm_mux:Mux7|mux_cqc:auto_generated|_~10             ; |demux_1_8|lpm_mux:Mux7|mux_cqc:auto_generated|_~10             ; out0             ;
; |demux_1_8|lpm_mux:Mux7|mux_cqc:auto_generated|_~12             ; |demux_1_8|lpm_mux:Mux7|mux_cqc:auto_generated|_~12             ; out0             ;
; |demux_1_8|lpm_mux:Mux7|mux_cqc:auto_generated|_~14             ; |demux_1_8|lpm_mux:Mux7|mux_cqc:auto_generated|_~14             ; out0             ;
; |demux_1_8|lpm_mux:Mux7|mux_cqc:auto_generated|_~15             ; |demux_1_8|lpm_mux:Mux7|mux_cqc:auto_generated|_~15             ; out0             ;
; |demux_1_8|lpm_mux:Mux7|mux_cqc:auto_generated|_~16             ; |demux_1_8|lpm_mux:Mux7|mux_cqc:auto_generated|_~16             ; out0             ;
; |demux_1_8|lpm_mux:Mux7|mux_cqc:auto_generated|_~17             ; |demux_1_8|lpm_mux:Mux7|mux_cqc:auto_generated|_~17             ; out0             ;
; |demux_1_8|lpm_mux:Mux7|mux_cqc:auto_generated|_~18             ; |demux_1_8|lpm_mux:Mux7|mux_cqc:auto_generated|_~18             ; out0             ;
; |demux_1_8|lpm_mux:Mux7|mux_cqc:auto_generated|_~21             ; |demux_1_8|lpm_mux:Mux7|mux_cqc:auto_generated|_~21             ; out0             ;
; |demux_1_8|lpm_mux:Mux7|mux_cqc:auto_generated|_~23             ; |demux_1_8|lpm_mux:Mux7|mux_cqc:auto_generated|_~23             ; out0             ;
; |demux_1_8|lpm_mux:Mux7|mux_cqc:auto_generated|_~24             ; |demux_1_8|lpm_mux:Mux7|mux_cqc:auto_generated|_~24             ; out0             ;
; |demux_1_8|lpm_mux:Mux7|mux_cqc:auto_generated|_~25             ; |demux_1_8|lpm_mux:Mux7|mux_cqc:auto_generated|_~25             ; out0             ;
; |demux_1_8|lpm_mux:Mux7|mux_cqc:auto_generated|_~26             ; |demux_1_8|lpm_mux:Mux7|mux_cqc:auto_generated|_~26             ; out0             ;
; |demux_1_8|lpm_mux:Mux7|mux_cqc:auto_generated|_~27             ; |demux_1_8|lpm_mux:Mux7|mux_cqc:auto_generated|_~27             ; out0             ;
; |demux_1_8|lpm_mux:Mux7|mux_cqc:auto_generated|_~28             ; |demux_1_8|lpm_mux:Mux7|mux_cqc:auto_generated|_~28             ; out0             ;
; |demux_1_8|lpm_mux:Mux7|mux_cqc:auto_generated|_~29             ; |demux_1_8|lpm_mux:Mux7|mux_cqc:auto_generated|_~29             ; out0             ;
; |demux_1_8|lpm_mux:Mux7|mux_cqc:auto_generated|_~30             ; |demux_1_8|lpm_mux:Mux7|mux_cqc:auto_generated|_~30             ; out0             ;
; |demux_1_8|lpm_mux:Mux7|mux_cqc:auto_generated|_~32             ; |demux_1_8|lpm_mux:Mux7|mux_cqc:auto_generated|_~32             ; out0             ;
; |demux_1_8|lpm_mux:Mux7|mux_cqc:auto_generated|_~33             ; |demux_1_8|lpm_mux:Mux7|mux_cqc:auto_generated|_~33             ; out0             ;
; |demux_1_8|lpm_mux:Mux7|mux_cqc:auto_generated|_~34             ; |demux_1_8|lpm_mux:Mux7|mux_cqc:auto_generated|_~34             ; out0             ;
; |demux_1_8|lpm_mux:Mux7|mux_cqc:auto_generated|_~35             ; |demux_1_8|lpm_mux:Mux7|mux_cqc:auto_generated|_~35             ; out0             ;
; |demux_1_8|lpm_mux:Mux7|mux_cqc:auto_generated|_~36             ; |demux_1_8|lpm_mux:Mux7|mux_cqc:auto_generated|_~36             ; out0             ;
; |demux_1_8|lpm_mux:Mux7|mux_cqc:auto_generated|_~37             ; |demux_1_8|lpm_mux:Mux7|mux_cqc:auto_generated|_~37             ; out0             ;
; |demux_1_8|lpm_mux:Mux7|mux_cqc:auto_generated|_~38             ; |demux_1_8|lpm_mux:Mux7|mux_cqc:auto_generated|_~38             ; out0             ;
; |demux_1_8|lpm_mux:Mux7|mux_cqc:auto_generated|_~39             ; |demux_1_8|lpm_mux:Mux7|mux_cqc:auto_generated|_~39             ; out0             ;
; |demux_1_8|lpm_mux:Mux7|mux_cqc:auto_generated|_~40             ; |demux_1_8|lpm_mux:Mux7|mux_cqc:auto_generated|_~40             ; out0             ;
; |demux_1_8|lpm_mux:Mux7|mux_cqc:auto_generated|_~41             ; |demux_1_8|lpm_mux:Mux7|mux_cqc:auto_generated|_~41             ; out0             ;
; |demux_1_8|lpm_mux:Mux7|mux_cqc:auto_generated|_~42             ; |demux_1_8|lpm_mux:Mux7|mux_cqc:auto_generated|_~42             ; out0             ;
; |demux_1_8|lpm_mux:Mux7|mux_cqc:auto_generated|result_node[0]~1 ; |demux_1_8|lpm_mux:Mux7|mux_cqc:auto_generated|result_node[0]~1 ; out0             ;
; |demux_1_8|lpm_mux:Mux7|mux_cqc:auto_generated|result_node[0]   ; |demux_1_8|lpm_mux:Mux7|mux_cqc:auto_generated|result_node[0]   ; out0             ;
; |demux_1_8|lpm_mux:Mux6|mux_cqc:auto_generated|_~1              ; |demux_1_8|lpm_mux:Mux6|mux_cqc:auto_generated|_~1              ; out0             ;
; |demux_1_8|lpm_mux:Mux6|mux_cqc:auto_generated|_~3              ; |demux_1_8|lpm_mux:Mux6|mux_cqc:auto_generated|_~3              ; out0             ;
; |demux_1_8|lpm_mux:Mux6|mux_cqc:auto_generated|_~5              ; |demux_1_8|lpm_mux:Mux6|mux_cqc:auto_generated|_~5              ; out0             ;
; |demux_1_8|lpm_mux:Mux6|mux_cqc:auto_generated|_~6              ; |demux_1_8|lpm_mux:Mux6|mux_cqc:auto_generated|_~6              ; out0             ;
; |demux_1_8|lpm_mux:Mux6|mux_cqc:auto_generated|_~7              ; |demux_1_8|lpm_mux:Mux6|mux_cqc:auto_generated|_~7              ; out0             ;
; |demux_1_8|lpm_mux:Mux6|mux_cqc:auto_generated|_~8              ; |demux_1_8|lpm_mux:Mux6|mux_cqc:auto_generated|_~8              ; out0             ;
; |demux_1_8|lpm_mux:Mux6|mux_cqc:auto_generated|_~10             ; |demux_1_8|lpm_mux:Mux6|mux_cqc:auto_generated|_~10             ; out0             ;
; |demux_1_8|lpm_mux:Mux6|mux_cqc:auto_generated|_~12             ; |demux_1_8|lpm_mux:Mux6|mux_cqc:auto_generated|_~12             ; out0             ;
; |demux_1_8|lpm_mux:Mux6|mux_cqc:auto_generated|_~14             ; |demux_1_8|lpm_mux:Mux6|mux_cqc:auto_generated|_~14             ; out0             ;
; |demux_1_8|lpm_mux:Mux6|mux_cqc:auto_generated|_~15             ; |demux_1_8|lpm_mux:Mux6|mux_cqc:auto_generated|_~15             ; out0             ;
; |demux_1_8|lpm_mux:Mux6|mux_cqc:auto_generated|_~16             ; |demux_1_8|lpm_mux:Mux6|mux_cqc:auto_generated|_~16             ; out0             ;
; |demux_1_8|lpm_mux:Mux6|mux_cqc:auto_generated|_~17             ; |demux_1_8|lpm_mux:Mux6|mux_cqc:auto_generated|_~17             ; out0             ;
; |demux_1_8|lpm_mux:Mux6|mux_cqc:auto_generated|_~18             ; |demux_1_8|lpm_mux:Mux6|mux_cqc:auto_generated|_~18             ; out0             ;
; |demux_1_8|lpm_mux:Mux6|mux_cqc:auto_generated|_~21             ; |demux_1_8|lpm_mux:Mux6|mux_cqc:auto_generated|_~21             ; out0             ;
; |demux_1_8|lpm_mux:Mux6|mux_cqc:auto_generated|_~22             ; |demux_1_8|lpm_mux:Mux6|mux_cqc:auto_generated|_~22             ; out0             ;
; |demux_1_8|lpm_mux:Mux6|mux_cqc:auto_generated|_~23             ; |demux_1_8|lpm_mux:Mux6|mux_cqc:auto_generated|_~23             ; out0             ;
; |demux_1_8|lpm_mux:Mux6|mux_cqc:auto_generated|_~25             ; |demux_1_8|lpm_mux:Mux6|mux_cqc:auto_generated|_~25             ; out0             ;
; |demux_1_8|lpm_mux:Mux6|mux_cqc:auto_generated|_~27             ; |demux_1_8|lpm_mux:Mux6|mux_cqc:auto_generated|_~27             ; out0             ;
; |demux_1_8|lpm_mux:Mux6|mux_cqc:auto_generated|_~28             ; |demux_1_8|lpm_mux:Mux6|mux_cqc:auto_generated|_~28             ; out0             ;
; |demux_1_8|lpm_mux:Mux6|mux_cqc:auto_generated|_~29             ; |demux_1_8|lpm_mux:Mux6|mux_cqc:auto_generated|_~29             ; out0             ;
; |demux_1_8|lpm_mux:Mux6|mux_cqc:auto_generated|_~30             ; |demux_1_8|lpm_mux:Mux6|mux_cqc:auto_generated|_~30             ; out0             ;
; |demux_1_8|lpm_mux:Mux6|mux_cqc:auto_generated|_~31             ; |demux_1_8|lpm_mux:Mux6|mux_cqc:auto_generated|_~31             ; out0             ;
; |demux_1_8|lpm_mux:Mux6|mux_cqc:auto_generated|_~32             ; |demux_1_8|lpm_mux:Mux6|mux_cqc:auto_generated|_~32             ; out0             ;
; |demux_1_8|lpm_mux:Mux6|mux_cqc:auto_generated|_~34             ; |demux_1_8|lpm_mux:Mux6|mux_cqc:auto_generated|_~34             ; out0             ;
; |demux_1_8|lpm_mux:Mux6|mux_cqc:auto_generated|_~36             ; |demux_1_8|lpm_mux:Mux6|mux_cqc:auto_generated|_~36             ; out0             ;
; |demux_1_8|lpm_mux:Mux6|mux_cqc:auto_generated|_~37             ; |demux_1_8|lpm_mux:Mux6|mux_cqc:auto_generated|_~37             ; out0             ;
; |demux_1_8|lpm_mux:Mux6|mux_cqc:auto_generated|_~38             ; |demux_1_8|lpm_mux:Mux6|mux_cqc:auto_generated|_~38             ; out0             ;
; |demux_1_8|lpm_mux:Mux6|mux_cqc:auto_generated|_~39             ; |demux_1_8|lpm_mux:Mux6|mux_cqc:auto_generated|_~39             ; out0             ;
; |demux_1_8|lpm_mux:Mux6|mux_cqc:auto_generated|_~40             ; |demux_1_8|lpm_mux:Mux6|mux_cqc:auto_generated|_~40             ; out0             ;
; |demux_1_8|lpm_mux:Mux6|mux_cqc:auto_generated|_~42             ; |demux_1_8|lpm_mux:Mux6|mux_cqc:auto_generated|_~42             ; out0             ;
; |demux_1_8|lpm_mux:Mux6|mux_cqc:auto_generated|result_node[0]~1 ; |demux_1_8|lpm_mux:Mux6|mux_cqc:auto_generated|result_node[0]~1 ; out0             ;
; |demux_1_8|lpm_mux:Mux6|mux_cqc:auto_generated|result_node[0]   ; |demux_1_8|lpm_mux:Mux6|mux_cqc:auto_generated|result_node[0]   ; out0             ;
; |demux_1_8|lpm_mux:Mux5|mux_cqc:auto_generated|_~1              ; |demux_1_8|lpm_mux:Mux5|mux_cqc:auto_generated|_~1              ; out0             ;
; |demux_1_8|lpm_mux:Mux5|mux_cqc:auto_generated|_~3              ; |demux_1_8|lpm_mux:Mux5|mux_cqc:auto_generated|_~3              ; out0             ;
; |demux_1_8|lpm_mux:Mux5|mux_cqc:auto_generated|_~5              ; |demux_1_8|lpm_mux:Mux5|mux_cqc:auto_generated|_~5              ; out0             ;
; |demux_1_8|lpm_mux:Mux5|mux_cqc:auto_generated|_~6              ; |demux_1_8|lpm_mux:Mux5|mux_cqc:auto_generated|_~6              ; out0             ;
; |demux_1_8|lpm_mux:Mux5|mux_cqc:auto_generated|_~7              ; |demux_1_8|lpm_mux:Mux5|mux_cqc:auto_generated|_~7              ; out0             ;
; |demux_1_8|lpm_mux:Mux5|mux_cqc:auto_generated|_~8              ; |demux_1_8|lpm_mux:Mux5|mux_cqc:auto_generated|_~8              ; out0             ;
; |demux_1_8|lpm_mux:Mux5|mux_cqc:auto_generated|_~10             ; |demux_1_8|lpm_mux:Mux5|mux_cqc:auto_generated|_~10             ; out0             ;
; |demux_1_8|lpm_mux:Mux5|mux_cqc:auto_generated|_~12             ; |demux_1_8|lpm_mux:Mux5|mux_cqc:auto_generated|_~12             ; out0             ;
; |demux_1_8|lpm_mux:Mux5|mux_cqc:auto_generated|_~14             ; |demux_1_8|lpm_mux:Mux5|mux_cqc:auto_generated|_~14             ; out0             ;
; |demux_1_8|lpm_mux:Mux5|mux_cqc:auto_generated|_~15             ; |demux_1_8|lpm_mux:Mux5|mux_cqc:auto_generated|_~15             ; out0             ;
; |demux_1_8|lpm_mux:Mux5|mux_cqc:auto_generated|_~16             ; |demux_1_8|lpm_mux:Mux5|mux_cqc:auto_generated|_~16             ; out0             ;
; |demux_1_8|lpm_mux:Mux5|mux_cqc:auto_generated|_~17             ; |demux_1_8|lpm_mux:Mux5|mux_cqc:auto_generated|_~17             ; out0             ;
; |demux_1_8|lpm_mux:Mux5|mux_cqc:auto_generated|_~18             ; |demux_1_8|lpm_mux:Mux5|mux_cqc:auto_generated|_~18             ; out0             ;
; |demux_1_8|lpm_mux:Mux5|mux_cqc:auto_generated|_~21             ; |demux_1_8|lpm_mux:Mux5|mux_cqc:auto_generated|_~21             ; out0             ;
; |demux_1_8|lpm_mux:Mux5|mux_cqc:auto_generated|_~23             ; |demux_1_8|lpm_mux:Mux5|mux_cqc:auto_generated|_~23             ; out0             ;
; |demux_1_8|lpm_mux:Mux5|mux_cqc:auto_generated|_~25             ; |demux_1_8|lpm_mux:Mux5|mux_cqc:auto_generated|_~25             ; out0             ;
; |demux_1_8|lpm_mux:Mux5|mux_cqc:auto_generated|_~28             ; |demux_1_8|lpm_mux:Mux5|mux_cqc:auto_generated|_~28             ; out0             ;
; |demux_1_8|lpm_mux:Mux5|mux_cqc:auto_generated|_~29             ; |demux_1_8|lpm_mux:Mux5|mux_cqc:auto_generated|_~29             ; out0             ;
; |demux_1_8|lpm_mux:Mux5|mux_cqc:auto_generated|_~30             ; |demux_1_8|lpm_mux:Mux5|mux_cqc:auto_generated|_~30             ; out0             ;
; |demux_1_8|lpm_mux:Mux5|mux_cqc:auto_generated|_~32             ; |demux_1_8|lpm_mux:Mux5|mux_cqc:auto_generated|_~32             ; out0             ;
; |demux_1_8|lpm_mux:Mux5|mux_cqc:auto_generated|_~34             ; |demux_1_8|lpm_mux:Mux5|mux_cqc:auto_generated|_~34             ; out0             ;
; |demux_1_8|lpm_mux:Mux5|mux_cqc:auto_generated|_~37             ; |demux_1_8|lpm_mux:Mux5|mux_cqc:auto_generated|_~37             ; out0             ;
; |demux_1_8|lpm_mux:Mux5|mux_cqc:auto_generated|_~38             ; |demux_1_8|lpm_mux:Mux5|mux_cqc:auto_generated|_~38             ; out0             ;
; |demux_1_8|lpm_mux:Mux5|mux_cqc:auto_generated|_~39             ; |demux_1_8|lpm_mux:Mux5|mux_cqc:auto_generated|_~39             ; out0             ;
; |demux_1_8|lpm_mux:Mux5|mux_cqc:auto_generated|_~40             ; |demux_1_8|lpm_mux:Mux5|mux_cqc:auto_generated|_~40             ; out0             ;
; |demux_1_8|lpm_mux:Mux5|mux_cqc:auto_generated|_~41             ; |demux_1_8|lpm_mux:Mux5|mux_cqc:auto_generated|_~41             ; out0             ;
; |demux_1_8|lpm_mux:Mux5|mux_cqc:auto_generated|_~42             ; |demux_1_8|lpm_mux:Mux5|mux_cqc:auto_generated|_~42             ; out0             ;
; |demux_1_8|lpm_mux:Mux5|mux_cqc:auto_generated|result_node[0]~1 ; |demux_1_8|lpm_mux:Mux5|mux_cqc:auto_generated|result_node[0]~1 ; out0             ;
; |demux_1_8|lpm_mux:Mux5|mux_cqc:auto_generated|result_node[0]   ; |demux_1_8|lpm_mux:Mux5|mux_cqc:auto_generated|result_node[0]   ; out0             ;
; |demux_1_8|lpm_mux:Mux4|mux_cqc:auto_generated|_~1              ; |demux_1_8|lpm_mux:Mux4|mux_cqc:auto_generated|_~1              ; out0             ;
; |demux_1_8|lpm_mux:Mux4|mux_cqc:auto_generated|_~3              ; |demux_1_8|lpm_mux:Mux4|mux_cqc:auto_generated|_~3              ; out0             ;
; |demux_1_8|lpm_mux:Mux4|mux_cqc:auto_generated|_~5              ; |demux_1_8|lpm_mux:Mux4|mux_cqc:auto_generated|_~5              ; out0             ;
; |demux_1_8|lpm_mux:Mux4|mux_cqc:auto_generated|_~6              ; |demux_1_8|lpm_mux:Mux4|mux_cqc:auto_generated|_~6              ; out0             ;
; |demux_1_8|lpm_mux:Mux4|mux_cqc:auto_generated|_~7              ; |demux_1_8|lpm_mux:Mux4|mux_cqc:auto_generated|_~7              ; out0             ;
; |demux_1_8|lpm_mux:Mux4|mux_cqc:auto_generated|_~8              ; |demux_1_8|lpm_mux:Mux4|mux_cqc:auto_generated|_~8              ; out0             ;
; |demux_1_8|lpm_mux:Mux4|mux_cqc:auto_generated|_~10             ; |demux_1_8|lpm_mux:Mux4|mux_cqc:auto_generated|_~10             ; out0             ;
; |demux_1_8|lpm_mux:Mux4|mux_cqc:auto_generated|_~12             ; |demux_1_8|lpm_mux:Mux4|mux_cqc:auto_generated|_~12             ; out0             ;
; |demux_1_8|lpm_mux:Mux4|mux_cqc:auto_generated|_~14             ; |demux_1_8|lpm_mux:Mux4|mux_cqc:auto_generated|_~14             ; out0             ;
; |demux_1_8|lpm_mux:Mux4|mux_cqc:auto_generated|_~15             ; |demux_1_8|lpm_mux:Mux4|mux_cqc:auto_generated|_~15             ; out0             ;
; |demux_1_8|lpm_mux:Mux4|mux_cqc:auto_generated|_~16             ; |demux_1_8|lpm_mux:Mux4|mux_cqc:auto_generated|_~16             ; out0             ;
; |demux_1_8|lpm_mux:Mux4|mux_cqc:auto_generated|_~17             ; |demux_1_8|lpm_mux:Mux4|mux_cqc:auto_generated|_~17             ; out0             ;
; |demux_1_8|lpm_mux:Mux4|mux_cqc:auto_generated|_~18             ; |demux_1_8|lpm_mux:Mux4|mux_cqc:auto_generated|_~18             ; out0             ;
; |demux_1_8|lpm_mux:Mux4|mux_cqc:auto_generated|_~21             ; |demux_1_8|lpm_mux:Mux4|mux_cqc:auto_generated|_~21             ; out0             ;
; |demux_1_8|lpm_mux:Mux4|mux_cqc:auto_generated|_~23             ; |demux_1_8|lpm_mux:Mux4|mux_cqc:auto_generated|_~23             ; out0             ;
; |demux_1_8|lpm_mux:Mux4|mux_cqc:auto_generated|_~25             ; |demux_1_8|lpm_mux:Mux4|mux_cqc:auto_generated|_~25             ; out0             ;
; |demux_1_8|lpm_mux:Mux4|mux_cqc:auto_generated|_~27             ; |demux_1_8|lpm_mux:Mux4|mux_cqc:auto_generated|_~27             ; out0             ;
; |demux_1_8|lpm_mux:Mux4|mux_cqc:auto_generated|_~28             ; |demux_1_8|lpm_mux:Mux4|mux_cqc:auto_generated|_~28             ; out0             ;
; |demux_1_8|lpm_mux:Mux4|mux_cqc:auto_generated|_~29             ; |demux_1_8|lpm_mux:Mux4|mux_cqc:auto_generated|_~29             ; out0             ;
; |demux_1_8|lpm_mux:Mux4|mux_cqc:auto_generated|_~30             ; |demux_1_8|lpm_mux:Mux4|mux_cqc:auto_generated|_~30             ; out0             ;
; |demux_1_8|lpm_mux:Mux4|mux_cqc:auto_generated|_~32             ; |demux_1_8|lpm_mux:Mux4|mux_cqc:auto_generated|_~32             ; out0             ;
; |demux_1_8|lpm_mux:Mux4|mux_cqc:auto_generated|_~34             ; |demux_1_8|lpm_mux:Mux4|mux_cqc:auto_generated|_~34             ; out0             ;
; |demux_1_8|lpm_mux:Mux4|mux_cqc:auto_generated|_~36             ; |demux_1_8|lpm_mux:Mux4|mux_cqc:auto_generated|_~36             ; out0             ;
; |demux_1_8|lpm_mux:Mux4|mux_cqc:auto_generated|_~37             ; |demux_1_8|lpm_mux:Mux4|mux_cqc:auto_generated|_~37             ; out0             ;
; |demux_1_8|lpm_mux:Mux4|mux_cqc:auto_generated|_~38             ; |demux_1_8|lpm_mux:Mux4|mux_cqc:auto_generated|_~38             ; out0             ;
; |demux_1_8|lpm_mux:Mux4|mux_cqc:auto_generated|_~39             ; |demux_1_8|lpm_mux:Mux4|mux_cqc:auto_generated|_~39             ; out0             ;
; |demux_1_8|lpm_mux:Mux4|mux_cqc:auto_generated|_~41             ; |demux_1_8|lpm_mux:Mux4|mux_cqc:auto_generated|_~41             ; out0             ;
; |demux_1_8|lpm_mux:Mux4|mux_cqc:auto_generated|_~42             ; |demux_1_8|lpm_mux:Mux4|mux_cqc:auto_generated|_~42             ; out0             ;
; |demux_1_8|lpm_mux:Mux4|mux_cqc:auto_generated|result_node[0]~1 ; |demux_1_8|lpm_mux:Mux4|mux_cqc:auto_generated|result_node[0]~1 ; out0             ;
; |demux_1_8|lpm_mux:Mux4|mux_cqc:auto_generated|result_node[0]   ; |demux_1_8|lpm_mux:Mux4|mux_cqc:auto_generated|result_node[0]   ; out0             ;
; |demux_1_8|lpm_mux:Mux3|mux_cqc:auto_generated|_~1              ; |demux_1_8|lpm_mux:Mux3|mux_cqc:auto_generated|_~1              ; out0             ;
; |demux_1_8|lpm_mux:Mux3|mux_cqc:auto_generated|_~2              ; |demux_1_8|lpm_mux:Mux3|mux_cqc:auto_generated|_~2              ; out0             ;
; |demux_1_8|lpm_mux:Mux3|mux_cqc:auto_generated|_~3              ; |demux_1_8|lpm_mux:Mux3|mux_cqc:auto_generated|_~3              ; out0             ;
; |demux_1_8|lpm_mux:Mux3|mux_cqc:auto_generated|_~4              ; |demux_1_8|lpm_mux:Mux3|mux_cqc:auto_generated|_~4              ; out0             ;
; |demux_1_8|lpm_mux:Mux3|mux_cqc:auto_generated|_~5              ; |demux_1_8|lpm_mux:Mux3|mux_cqc:auto_generated|_~5              ; out0             ;
; |demux_1_8|lpm_mux:Mux3|mux_cqc:auto_generated|_~6              ; |demux_1_8|lpm_mux:Mux3|mux_cqc:auto_generated|_~6              ; out0             ;
; |demux_1_8|lpm_mux:Mux3|mux_cqc:auto_generated|_~7              ; |demux_1_8|lpm_mux:Mux3|mux_cqc:auto_generated|_~7              ; out0             ;
; |demux_1_8|lpm_mux:Mux3|mux_cqc:auto_generated|_~8              ; |demux_1_8|lpm_mux:Mux3|mux_cqc:auto_generated|_~8              ; out0             ;
; |demux_1_8|lpm_mux:Mux3|mux_cqc:auto_generated|_~10             ; |demux_1_8|lpm_mux:Mux3|mux_cqc:auto_generated|_~10             ; out0             ;
; |demux_1_8|lpm_mux:Mux3|mux_cqc:auto_generated|_~11             ; |demux_1_8|lpm_mux:Mux3|mux_cqc:auto_generated|_~11             ; out0             ;
; |demux_1_8|lpm_mux:Mux3|mux_cqc:auto_generated|_~12             ; |demux_1_8|lpm_mux:Mux3|mux_cqc:auto_generated|_~12             ; out0             ;
; |demux_1_8|lpm_mux:Mux3|mux_cqc:auto_generated|_~13             ; |demux_1_8|lpm_mux:Mux3|mux_cqc:auto_generated|_~13             ; out0             ;
; |demux_1_8|lpm_mux:Mux3|mux_cqc:auto_generated|_~14             ; |demux_1_8|lpm_mux:Mux3|mux_cqc:auto_generated|_~14             ; out0             ;
; |demux_1_8|lpm_mux:Mux3|mux_cqc:auto_generated|_~15             ; |demux_1_8|lpm_mux:Mux3|mux_cqc:auto_generated|_~15             ; out0             ;
; |demux_1_8|lpm_mux:Mux3|mux_cqc:auto_generated|_~16             ; |demux_1_8|lpm_mux:Mux3|mux_cqc:auto_generated|_~16             ; out0             ;
; |demux_1_8|lpm_mux:Mux3|mux_cqc:auto_generated|_~17             ; |demux_1_8|lpm_mux:Mux3|mux_cqc:auto_generated|_~17             ; out0             ;
; |demux_1_8|lpm_mux:Mux3|mux_cqc:auto_generated|_~18             ; |demux_1_8|lpm_mux:Mux3|mux_cqc:auto_generated|_~18             ; out0             ;
; |demux_1_8|lpm_mux:Mux3|mux_cqc:auto_generated|_~19             ; |demux_1_8|lpm_mux:Mux3|mux_cqc:auto_generated|_~19             ; out0             ;
; |demux_1_8|lpm_mux:Mux3|mux_cqc:auto_generated|_~20             ; |demux_1_8|lpm_mux:Mux3|mux_cqc:auto_generated|_~20             ; out0             ;
; |demux_1_8|lpm_mux:Mux3|mux_cqc:auto_generated|result_node[0]~0 ; |demux_1_8|lpm_mux:Mux3|mux_cqc:auto_generated|result_node[0]~0 ; out0             ;
; |demux_1_8|lpm_mux:Mux3|mux_cqc:auto_generated|_~21             ; |demux_1_8|lpm_mux:Mux3|mux_cqc:auto_generated|_~21             ; out0             ;
; |demux_1_8|lpm_mux:Mux3|mux_cqc:auto_generated|_~23             ; |demux_1_8|lpm_mux:Mux3|mux_cqc:auto_generated|_~23             ; out0             ;
; |demux_1_8|lpm_mux:Mux3|mux_cqc:auto_generated|_~25             ; |demux_1_8|lpm_mux:Mux3|mux_cqc:auto_generated|_~25             ; out0             ;
; |demux_1_8|lpm_mux:Mux3|mux_cqc:auto_generated|_~27             ; |demux_1_8|lpm_mux:Mux3|mux_cqc:auto_generated|_~27             ; out0             ;
; |demux_1_8|lpm_mux:Mux3|mux_cqc:auto_generated|_~28             ; |demux_1_8|lpm_mux:Mux3|mux_cqc:auto_generated|_~28             ; out0             ;
; |demux_1_8|lpm_mux:Mux3|mux_cqc:auto_generated|_~29             ; |demux_1_8|lpm_mux:Mux3|mux_cqc:auto_generated|_~29             ; out0             ;
; |demux_1_8|lpm_mux:Mux3|mux_cqc:auto_generated|_~30             ; |demux_1_8|lpm_mux:Mux3|mux_cqc:auto_generated|_~30             ; out0             ;
; |demux_1_8|lpm_mux:Mux3|mux_cqc:auto_generated|_~32             ; |demux_1_8|lpm_mux:Mux3|mux_cqc:auto_generated|_~32             ; out0             ;
; |demux_1_8|lpm_mux:Mux3|mux_cqc:auto_generated|_~34             ; |demux_1_8|lpm_mux:Mux3|mux_cqc:auto_generated|_~34             ; out0             ;
; |demux_1_8|lpm_mux:Mux3|mux_cqc:auto_generated|_~36             ; |demux_1_8|lpm_mux:Mux3|mux_cqc:auto_generated|_~36             ; out0             ;
; |demux_1_8|lpm_mux:Mux3|mux_cqc:auto_generated|_~37             ; |demux_1_8|lpm_mux:Mux3|mux_cqc:auto_generated|_~37             ; out0             ;
; |demux_1_8|lpm_mux:Mux3|mux_cqc:auto_generated|_~38             ; |demux_1_8|lpm_mux:Mux3|mux_cqc:auto_generated|_~38             ; out0             ;
; |demux_1_8|lpm_mux:Mux3|mux_cqc:auto_generated|_~39             ; |demux_1_8|lpm_mux:Mux3|mux_cqc:auto_generated|_~39             ; out0             ;
; |demux_1_8|lpm_mux:Mux3|mux_cqc:auto_generated|_~40             ; |demux_1_8|lpm_mux:Mux3|mux_cqc:auto_generated|_~40             ; out0             ;
; |demux_1_8|lpm_mux:Mux3|mux_cqc:auto_generated|result_node[0]   ; |demux_1_8|lpm_mux:Mux3|mux_cqc:auto_generated|result_node[0]   ; out0             ;
; |demux_1_8|lpm_mux:Mux2|mux_cqc:auto_generated|_~0              ; |demux_1_8|lpm_mux:Mux2|mux_cqc:auto_generated|_~0              ; out0             ;
; |demux_1_8|lpm_mux:Mux2|mux_cqc:auto_generated|_~1              ; |demux_1_8|lpm_mux:Mux2|mux_cqc:auto_generated|_~1              ; out0             ;
; |demux_1_8|lpm_mux:Mux2|mux_cqc:auto_generated|_~3              ; |demux_1_8|lpm_mux:Mux2|mux_cqc:auto_generated|_~3              ; out0             ;
; |demux_1_8|lpm_mux:Mux2|mux_cqc:auto_generated|_~5              ; |demux_1_8|lpm_mux:Mux2|mux_cqc:auto_generated|_~5              ; out0             ;
; |demux_1_8|lpm_mux:Mux2|mux_cqc:auto_generated|_~6              ; |demux_1_8|lpm_mux:Mux2|mux_cqc:auto_generated|_~6              ; out0             ;
; |demux_1_8|lpm_mux:Mux2|mux_cqc:auto_generated|_~7              ; |demux_1_8|lpm_mux:Mux2|mux_cqc:auto_generated|_~7              ; out0             ;
; |demux_1_8|lpm_mux:Mux2|mux_cqc:auto_generated|_~8              ; |demux_1_8|lpm_mux:Mux2|mux_cqc:auto_generated|_~8              ; out0             ;
; |demux_1_8|lpm_mux:Mux2|mux_cqc:auto_generated|_~9              ; |demux_1_8|lpm_mux:Mux2|mux_cqc:auto_generated|_~9              ; out0             ;
; |demux_1_8|lpm_mux:Mux2|mux_cqc:auto_generated|_~10             ; |demux_1_8|lpm_mux:Mux2|mux_cqc:auto_generated|_~10             ; out0             ;
; |demux_1_8|lpm_mux:Mux2|mux_cqc:auto_generated|_~12             ; |demux_1_8|lpm_mux:Mux2|mux_cqc:auto_generated|_~12             ; out0             ;
; |demux_1_8|lpm_mux:Mux2|mux_cqc:auto_generated|_~14             ; |demux_1_8|lpm_mux:Mux2|mux_cqc:auto_generated|_~14             ; out0             ;
; |demux_1_8|lpm_mux:Mux2|mux_cqc:auto_generated|_~15             ; |demux_1_8|lpm_mux:Mux2|mux_cqc:auto_generated|_~15             ; out0             ;
; |demux_1_8|lpm_mux:Mux2|mux_cqc:auto_generated|_~16             ; |demux_1_8|lpm_mux:Mux2|mux_cqc:auto_generated|_~16             ; out0             ;
; |demux_1_8|lpm_mux:Mux2|mux_cqc:auto_generated|_~17             ; |demux_1_8|lpm_mux:Mux2|mux_cqc:auto_generated|_~17             ; out0             ;
; |demux_1_8|lpm_mux:Mux2|mux_cqc:auto_generated|_~18             ; |demux_1_8|lpm_mux:Mux2|mux_cqc:auto_generated|_~18             ; out0             ;
; |demux_1_8|lpm_mux:Mux2|mux_cqc:auto_generated|_~20             ; |demux_1_8|lpm_mux:Mux2|mux_cqc:auto_generated|_~20             ; out0             ;
; |demux_1_8|lpm_mux:Mux2|mux_cqc:auto_generated|result_node[0]~0 ; |demux_1_8|lpm_mux:Mux2|mux_cqc:auto_generated|result_node[0]~0 ; out0             ;
; |demux_1_8|lpm_mux:Mux2|mux_cqc:auto_generated|_~21             ; |demux_1_8|lpm_mux:Mux2|mux_cqc:auto_generated|_~21             ; out0             ;
; |demux_1_8|lpm_mux:Mux2|mux_cqc:auto_generated|_~23             ; |demux_1_8|lpm_mux:Mux2|mux_cqc:auto_generated|_~23             ; out0             ;
; |demux_1_8|lpm_mux:Mux2|mux_cqc:auto_generated|_~25             ; |demux_1_8|lpm_mux:Mux2|mux_cqc:auto_generated|_~25             ; out0             ;
; |demux_1_8|lpm_mux:Mux2|mux_cqc:auto_generated|_~27             ; |demux_1_8|lpm_mux:Mux2|mux_cqc:auto_generated|_~27             ; out0             ;
; |demux_1_8|lpm_mux:Mux2|mux_cqc:auto_generated|_~28             ; |demux_1_8|lpm_mux:Mux2|mux_cqc:auto_generated|_~28             ; out0             ;
; |demux_1_8|lpm_mux:Mux2|mux_cqc:auto_generated|_~29             ; |demux_1_8|lpm_mux:Mux2|mux_cqc:auto_generated|_~29             ; out0             ;
; |demux_1_8|lpm_mux:Mux2|mux_cqc:auto_generated|_~30             ; |demux_1_8|lpm_mux:Mux2|mux_cqc:auto_generated|_~30             ; out0             ;
; |demux_1_8|lpm_mux:Mux2|mux_cqc:auto_generated|_~32             ; |demux_1_8|lpm_mux:Mux2|mux_cqc:auto_generated|_~32             ; out0             ;
; |demux_1_8|lpm_mux:Mux2|mux_cqc:auto_generated|_~34             ; |demux_1_8|lpm_mux:Mux2|mux_cqc:auto_generated|_~34             ; out0             ;
; |demux_1_8|lpm_mux:Mux2|mux_cqc:auto_generated|_~36             ; |demux_1_8|lpm_mux:Mux2|mux_cqc:auto_generated|_~36             ; out0             ;
; |demux_1_8|lpm_mux:Mux2|mux_cqc:auto_generated|_~37             ; |demux_1_8|lpm_mux:Mux2|mux_cqc:auto_generated|_~37             ; out0             ;
; |demux_1_8|lpm_mux:Mux2|mux_cqc:auto_generated|_~38             ; |demux_1_8|lpm_mux:Mux2|mux_cqc:auto_generated|_~38             ; out0             ;
; |demux_1_8|lpm_mux:Mux2|mux_cqc:auto_generated|_~39             ; |demux_1_8|lpm_mux:Mux2|mux_cqc:auto_generated|_~39             ; out0             ;
; |demux_1_8|lpm_mux:Mux2|mux_cqc:auto_generated|_~40             ; |demux_1_8|lpm_mux:Mux2|mux_cqc:auto_generated|_~40             ; out0             ;
; |demux_1_8|lpm_mux:Mux2|mux_cqc:auto_generated|result_node[0]   ; |demux_1_8|lpm_mux:Mux2|mux_cqc:auto_generated|result_node[0]   ; out0             ;
; |demux_1_8|lpm_mux:Mux1|mux_cqc:auto_generated|_~1              ; |demux_1_8|lpm_mux:Mux1|mux_cqc:auto_generated|_~1              ; out0             ;
; |demux_1_8|lpm_mux:Mux1|mux_cqc:auto_generated|_~3              ; |demux_1_8|lpm_mux:Mux1|mux_cqc:auto_generated|_~3              ; out0             ;
; |demux_1_8|lpm_mux:Mux1|mux_cqc:auto_generated|_~6              ; |demux_1_8|lpm_mux:Mux1|mux_cqc:auto_generated|_~6              ; out0             ;
; |demux_1_8|lpm_mux:Mux1|mux_cqc:auto_generated|_~7              ; |demux_1_8|lpm_mux:Mux1|mux_cqc:auto_generated|_~7              ; out0             ;
; |demux_1_8|lpm_mux:Mux1|mux_cqc:auto_generated|_~8              ; |demux_1_8|lpm_mux:Mux1|mux_cqc:auto_generated|_~8              ; out0             ;
; |demux_1_8|lpm_mux:Mux1|mux_cqc:auto_generated|_~10             ; |demux_1_8|lpm_mux:Mux1|mux_cqc:auto_generated|_~10             ; out0             ;
; |demux_1_8|lpm_mux:Mux1|mux_cqc:auto_generated|_~12             ; |demux_1_8|lpm_mux:Mux1|mux_cqc:auto_generated|_~12             ; out0             ;
; |demux_1_8|lpm_mux:Mux1|mux_cqc:auto_generated|_~15             ; |demux_1_8|lpm_mux:Mux1|mux_cqc:auto_generated|_~15             ; out0             ;
; |demux_1_8|lpm_mux:Mux1|mux_cqc:auto_generated|_~16             ; |demux_1_8|lpm_mux:Mux1|mux_cqc:auto_generated|_~16             ; out0             ;
; |demux_1_8|lpm_mux:Mux1|mux_cqc:auto_generated|_~17             ; |demux_1_8|lpm_mux:Mux1|mux_cqc:auto_generated|_~17             ; out0             ;
; |demux_1_8|lpm_mux:Mux1|mux_cqc:auto_generated|_~18             ; |demux_1_8|lpm_mux:Mux1|mux_cqc:auto_generated|_~18             ; out0             ;
; |demux_1_8|lpm_mux:Mux1|mux_cqc:auto_generated|_~19             ; |demux_1_8|lpm_mux:Mux1|mux_cqc:auto_generated|_~19             ; out0             ;
; |demux_1_8|lpm_mux:Mux1|mux_cqc:auto_generated|_~20             ; |demux_1_8|lpm_mux:Mux1|mux_cqc:auto_generated|_~20             ; out0             ;
; |demux_1_8|lpm_mux:Mux1|mux_cqc:auto_generated|result_node[0]~0 ; |demux_1_8|lpm_mux:Mux1|mux_cqc:auto_generated|result_node[0]~0 ; out0             ;
; |demux_1_8|lpm_mux:Mux1|mux_cqc:auto_generated|_~21             ; |demux_1_8|lpm_mux:Mux1|mux_cqc:auto_generated|_~21             ; out0             ;
; |demux_1_8|lpm_mux:Mux1|mux_cqc:auto_generated|_~23             ; |demux_1_8|lpm_mux:Mux1|mux_cqc:auto_generated|_~23             ; out0             ;
; |demux_1_8|lpm_mux:Mux1|mux_cqc:auto_generated|_~25             ; |demux_1_8|lpm_mux:Mux1|mux_cqc:auto_generated|_~25             ; out0             ;
; |demux_1_8|lpm_mux:Mux1|mux_cqc:auto_generated|_~27             ; |demux_1_8|lpm_mux:Mux1|mux_cqc:auto_generated|_~27             ; out0             ;
; |demux_1_8|lpm_mux:Mux1|mux_cqc:auto_generated|_~28             ; |demux_1_8|lpm_mux:Mux1|mux_cqc:auto_generated|_~28             ; out0             ;
; |demux_1_8|lpm_mux:Mux1|mux_cqc:auto_generated|_~29             ; |demux_1_8|lpm_mux:Mux1|mux_cqc:auto_generated|_~29             ; out0             ;
; |demux_1_8|lpm_mux:Mux1|mux_cqc:auto_generated|_~30             ; |demux_1_8|lpm_mux:Mux1|mux_cqc:auto_generated|_~30             ; out0             ;
; |demux_1_8|lpm_mux:Mux1|mux_cqc:auto_generated|_~32             ; |demux_1_8|lpm_mux:Mux1|mux_cqc:auto_generated|_~32             ; out0             ;
; |demux_1_8|lpm_mux:Mux1|mux_cqc:auto_generated|_~34             ; |demux_1_8|lpm_mux:Mux1|mux_cqc:auto_generated|_~34             ; out0             ;
; |demux_1_8|lpm_mux:Mux1|mux_cqc:auto_generated|_~36             ; |demux_1_8|lpm_mux:Mux1|mux_cqc:auto_generated|_~36             ; out0             ;
; |demux_1_8|lpm_mux:Mux1|mux_cqc:auto_generated|_~37             ; |demux_1_8|lpm_mux:Mux1|mux_cqc:auto_generated|_~37             ; out0             ;
; |demux_1_8|lpm_mux:Mux1|mux_cqc:auto_generated|_~38             ; |demux_1_8|lpm_mux:Mux1|mux_cqc:auto_generated|_~38             ; out0             ;
; |demux_1_8|lpm_mux:Mux1|mux_cqc:auto_generated|_~39             ; |demux_1_8|lpm_mux:Mux1|mux_cqc:auto_generated|_~39             ; out0             ;
; |demux_1_8|lpm_mux:Mux1|mux_cqc:auto_generated|_~40             ; |demux_1_8|lpm_mux:Mux1|mux_cqc:auto_generated|_~40             ; out0             ;
; |demux_1_8|lpm_mux:Mux1|mux_cqc:auto_generated|result_node[0]   ; |demux_1_8|lpm_mux:Mux1|mux_cqc:auto_generated|result_node[0]   ; out0             ;
; |demux_1_8|lpm_mux:Mux0|mux_cqc:auto_generated|_~1              ; |demux_1_8|lpm_mux:Mux0|mux_cqc:auto_generated|_~1              ; out0             ;
; |demux_1_8|lpm_mux:Mux0|mux_cqc:auto_generated|_~3              ; |demux_1_8|lpm_mux:Mux0|mux_cqc:auto_generated|_~3              ; out0             ;
; |demux_1_8|lpm_mux:Mux0|mux_cqc:auto_generated|_~5              ; |demux_1_8|lpm_mux:Mux0|mux_cqc:auto_generated|_~5              ; out0             ;
; |demux_1_8|lpm_mux:Mux0|mux_cqc:auto_generated|_~6              ; |demux_1_8|lpm_mux:Mux0|mux_cqc:auto_generated|_~6              ; out0             ;
; |demux_1_8|lpm_mux:Mux0|mux_cqc:auto_generated|_~7              ; |demux_1_8|lpm_mux:Mux0|mux_cqc:auto_generated|_~7              ; out0             ;
; |demux_1_8|lpm_mux:Mux0|mux_cqc:auto_generated|_~8              ; |demux_1_8|lpm_mux:Mux0|mux_cqc:auto_generated|_~8              ; out0             ;
; |demux_1_8|lpm_mux:Mux0|mux_cqc:auto_generated|_~10             ; |demux_1_8|lpm_mux:Mux0|mux_cqc:auto_generated|_~10             ; out0             ;
; |demux_1_8|lpm_mux:Mux0|mux_cqc:auto_generated|_~12             ; |demux_1_8|lpm_mux:Mux0|mux_cqc:auto_generated|_~12             ; out0             ;
; |demux_1_8|lpm_mux:Mux0|mux_cqc:auto_generated|_~14             ; |demux_1_8|lpm_mux:Mux0|mux_cqc:auto_generated|_~14             ; out0             ;
; |demux_1_8|lpm_mux:Mux0|mux_cqc:auto_generated|_~15             ; |demux_1_8|lpm_mux:Mux0|mux_cqc:auto_generated|_~15             ; out0             ;
; |demux_1_8|lpm_mux:Mux0|mux_cqc:auto_generated|_~16             ; |demux_1_8|lpm_mux:Mux0|mux_cqc:auto_generated|_~16             ; out0             ;
; |demux_1_8|lpm_mux:Mux0|mux_cqc:auto_generated|_~17             ; |demux_1_8|lpm_mux:Mux0|mux_cqc:auto_generated|_~17             ; out0             ;
; |demux_1_8|lpm_mux:Mux0|mux_cqc:auto_generated|_~19             ; |demux_1_8|lpm_mux:Mux0|mux_cqc:auto_generated|_~19             ; out0             ;
; |demux_1_8|lpm_mux:Mux0|mux_cqc:auto_generated|_~20             ; |demux_1_8|lpm_mux:Mux0|mux_cqc:auto_generated|_~20             ; out0             ;
; |demux_1_8|lpm_mux:Mux0|mux_cqc:auto_generated|result_node[0]~0 ; |demux_1_8|lpm_mux:Mux0|mux_cqc:auto_generated|result_node[0]~0 ; out0             ;
; |demux_1_8|lpm_mux:Mux0|mux_cqc:auto_generated|_~21             ; |demux_1_8|lpm_mux:Mux0|mux_cqc:auto_generated|_~21             ; out0             ;
; |demux_1_8|lpm_mux:Mux0|mux_cqc:auto_generated|_~23             ; |demux_1_8|lpm_mux:Mux0|mux_cqc:auto_generated|_~23             ; out0             ;
; |demux_1_8|lpm_mux:Mux0|mux_cqc:auto_generated|_~25             ; |demux_1_8|lpm_mux:Mux0|mux_cqc:auto_generated|_~25             ; out0             ;
; |demux_1_8|lpm_mux:Mux0|mux_cqc:auto_generated|_~27             ; |demux_1_8|lpm_mux:Mux0|mux_cqc:auto_generated|_~27             ; out0             ;
; |demux_1_8|lpm_mux:Mux0|mux_cqc:auto_generated|_~28             ; |demux_1_8|lpm_mux:Mux0|mux_cqc:auto_generated|_~28             ; out0             ;
; |demux_1_8|lpm_mux:Mux0|mux_cqc:auto_generated|_~29             ; |demux_1_8|lpm_mux:Mux0|mux_cqc:auto_generated|_~29             ; out0             ;
; |demux_1_8|lpm_mux:Mux0|mux_cqc:auto_generated|_~30             ; |demux_1_8|lpm_mux:Mux0|mux_cqc:auto_generated|_~30             ; out0             ;
; |demux_1_8|lpm_mux:Mux0|mux_cqc:auto_generated|_~32             ; |demux_1_8|lpm_mux:Mux0|mux_cqc:auto_generated|_~32             ; out0             ;
; |demux_1_8|lpm_mux:Mux0|mux_cqc:auto_generated|_~34             ; |demux_1_8|lpm_mux:Mux0|mux_cqc:auto_generated|_~34             ; out0             ;
; |demux_1_8|lpm_mux:Mux0|mux_cqc:auto_generated|_~36             ; |demux_1_8|lpm_mux:Mux0|mux_cqc:auto_generated|_~36             ; out0             ;
; |demux_1_8|lpm_mux:Mux0|mux_cqc:auto_generated|_~37             ; |demux_1_8|lpm_mux:Mux0|mux_cqc:auto_generated|_~37             ; out0             ;
; |demux_1_8|lpm_mux:Mux0|mux_cqc:auto_generated|_~38             ; |demux_1_8|lpm_mux:Mux0|mux_cqc:auto_generated|_~38             ; out0             ;
; |demux_1_8|lpm_mux:Mux0|mux_cqc:auto_generated|_~39             ; |demux_1_8|lpm_mux:Mux0|mux_cqc:auto_generated|_~39             ; out0             ;
; |demux_1_8|lpm_mux:Mux0|mux_cqc:auto_generated|_~40             ; |demux_1_8|lpm_mux:Mux0|mux_cqc:auto_generated|_~40             ; out0             ;
; |demux_1_8|lpm_mux:Mux0|mux_cqc:auto_generated|result_node[0]   ; |demux_1_8|lpm_mux:Mux0|mux_cqc:auto_generated|result_node[0]   ; out0             ;
+-----------------------------------------------------------------+-----------------------------------------------------------------+------------------+


The following table displays output ports that do not toggle to 1 during simulation.
+------------------------------------------------------------------------------------------------------------------------------------------------------+
; Missing 1-Value Coverage                                                                                                                             ;
+-----------------------------------------------------------------+-----------------------------------------------------------------+------------------+
; Node Name                                                       ; Output Port Name                                                ; Output Port Type ;
+-----------------------------------------------------------------+-----------------------------------------------------------------+------------------+
; |demux_1_8|I                                                    ; |demux_1_8|I                                                    ; out              ;
; |demux_1_8|En                                                   ; |demux_1_8|En                                                   ; out              ;
; |demux_1_8|lpm_mux:Mux7|mux_cqc:auto_generated|_~0              ; |demux_1_8|lpm_mux:Mux7|mux_cqc:auto_generated|_~0              ; out0             ;
; |demux_1_8|lpm_mux:Mux7|mux_cqc:auto_generated|_~2              ; |demux_1_8|lpm_mux:Mux7|mux_cqc:auto_generated|_~2              ; out0             ;
; |demux_1_8|lpm_mux:Mux7|mux_cqc:auto_generated|_~4              ; |demux_1_8|lpm_mux:Mux7|mux_cqc:auto_generated|_~4              ; out0             ;
; |demux_1_8|lpm_mux:Mux7|mux_cqc:auto_generated|_~9              ; |demux_1_8|lpm_mux:Mux7|mux_cqc:auto_generated|_~9              ; out0             ;
; |demux_1_8|lpm_mux:Mux7|mux_cqc:auto_generated|_~11             ; |demux_1_8|lpm_mux:Mux7|mux_cqc:auto_generated|_~11             ; out0             ;
; |demux_1_8|lpm_mux:Mux7|mux_cqc:auto_generated|_~13             ; |demux_1_8|lpm_mux:Mux7|mux_cqc:auto_generated|_~13             ; out0             ;
; |demux_1_8|lpm_mux:Mux7|mux_cqc:auto_generated|_~19             ; |demux_1_8|lpm_mux:Mux7|mux_cqc:auto_generated|_~19             ; out0             ;
; |demux_1_8|lpm_mux:Mux7|mux_cqc:auto_generated|_~20             ; |demux_1_8|lpm_mux:Mux7|mux_cqc:auto_generated|_~20             ; out0             ;
; |demux_1_8|lpm_mux:Mux7|mux_cqc:auto_generated|result_node[0]~0 ; |demux_1_8|lpm_mux:Mux7|mux_cqc:auto_generated|result_node[0]~0 ; out0             ;
; |demux_1_8|lpm_mux:Mux7|mux_cqc:auto_generated|_~22             ; |demux_1_8|lpm_mux:Mux7|mux_cqc:auto_generated|_~22             ; out0             ;
; |demux_1_8|lpm_mux:Mux7|mux_cqc:auto_generated|_~31             ; |demux_1_8|lpm_mux:Mux7|mux_cqc:auto_generated|_~31             ; out0             ;
; |demux_1_8|lpm_mux:Mux6|mux_cqc:auto_generated|_~0              ; |demux_1_8|lpm_mux:Mux6|mux_cqc:auto_generated|_~0              ; out0             ;
; |demux_1_8|lpm_mux:Mux6|mux_cqc:auto_generated|_~2              ; |demux_1_8|lpm_mux:Mux6|mux_cqc:auto_generated|_~2              ; out0             ;
; |demux_1_8|lpm_mux:Mux6|mux_cqc:auto_generated|_~4              ; |demux_1_8|lpm_mux:Mux6|mux_cqc:auto_generated|_~4              ; out0             ;
; |demux_1_8|lpm_mux:Mux6|mux_cqc:auto_generated|_~9              ; |demux_1_8|lpm_mux:Mux6|mux_cqc:auto_generated|_~9              ; out0             ;
; |demux_1_8|lpm_mux:Mux6|mux_cqc:auto_generated|_~11             ; |demux_1_8|lpm_mux:Mux6|mux_cqc:auto_generated|_~11             ; out0             ;
; |demux_1_8|lpm_mux:Mux6|mux_cqc:auto_generated|_~13             ; |demux_1_8|lpm_mux:Mux6|mux_cqc:auto_generated|_~13             ; out0             ;
; |demux_1_8|lpm_mux:Mux6|mux_cqc:auto_generated|_~19             ; |demux_1_8|lpm_mux:Mux6|mux_cqc:auto_generated|_~19             ; out0             ;
; |demux_1_8|lpm_mux:Mux6|mux_cqc:auto_generated|_~20             ; |demux_1_8|lpm_mux:Mux6|mux_cqc:auto_generated|_~20             ; out0             ;
; |demux_1_8|lpm_mux:Mux6|mux_cqc:auto_generated|result_node[0]~0 ; |demux_1_8|lpm_mux:Mux6|mux_cqc:auto_generated|result_node[0]~0 ; out0             ;
; |demux_1_8|lpm_mux:Mux6|mux_cqc:auto_generated|_~24             ; |demux_1_8|lpm_mux:Mux6|mux_cqc:auto_generated|_~24             ; out0             ;
; |demux_1_8|lpm_mux:Mux6|mux_cqc:auto_generated|_~26             ; |demux_1_8|lpm_mux:Mux6|mux_cqc:auto_generated|_~26             ; out0             ;
; |demux_1_8|lpm_mux:Mux6|mux_cqc:auto_generated|_~33             ; |demux_1_8|lpm_mux:Mux6|mux_cqc:auto_generated|_~33             ; out0             ;
; |demux_1_8|lpm_mux:Mux6|mux_cqc:auto_generated|_~35             ; |demux_1_8|lpm_mux:Mux6|mux_cqc:auto_generated|_~35             ; out0             ;
; |demux_1_8|lpm_mux:Mux6|mux_cqc:auto_generated|_~41             ; |demux_1_8|lpm_mux:Mux6|mux_cqc:auto_generated|_~41             ; out0             ;
; |demux_1_8|lpm_mux:Mux5|mux_cqc:auto_generated|_~0              ; |demux_1_8|lpm_mux:Mux5|mux_cqc:auto_generated|_~0              ; out0             ;
; |demux_1_8|lpm_mux:Mux5|mux_cqc:auto_generated|_~2              ; |demux_1_8|lpm_mux:Mux5|mux_cqc:auto_generated|_~2              ; out0             ;
; |demux_1_8|lpm_mux:Mux5|mux_cqc:auto_generated|_~4              ; |demux_1_8|lpm_mux:Mux5|mux_cqc:auto_generated|_~4              ; out0             ;
; |demux_1_8|lpm_mux:Mux5|mux_cqc:auto_generated|_~9              ; |demux_1_8|lpm_mux:Mux5|mux_cqc:auto_generated|_~9              ; out0             ;
; |demux_1_8|lpm_mux:Mux5|mux_cqc:auto_generated|_~11             ; |demux_1_8|lpm_mux:Mux5|mux_cqc:auto_generated|_~11             ; out0             ;
; |demux_1_8|lpm_mux:Mux5|mux_cqc:auto_generated|_~13             ; |demux_1_8|lpm_mux:Mux5|mux_cqc:auto_generated|_~13             ; out0             ;
; |demux_1_8|lpm_mux:Mux5|mux_cqc:auto_generated|_~19             ; |demux_1_8|lpm_mux:Mux5|mux_cqc:auto_generated|_~19             ; out0             ;
; |demux_1_8|lpm_mux:Mux5|mux_cqc:auto_generated|_~20             ; |demux_1_8|lpm_mux:Mux5|mux_cqc:auto_generated|_~20             ; out0             ;
; |demux_1_8|lpm_mux:Mux5|mux_cqc:auto_generated|result_node[0]~0 ; |demux_1_8|lpm_mux:Mux5|mux_cqc:auto_generated|result_node[0]~0 ; out0             ;
; |demux_1_8|lpm_mux:Mux5|mux_cqc:auto_generated|_~22             ; |demux_1_8|lpm_mux:Mux5|mux_cqc:auto_generated|_~22             ; out0             ;
; |demux_1_8|lpm_mux:Mux5|mux_cqc:auto_generated|_~24             ; |demux_1_8|lpm_mux:Mux5|mux_cqc:auto_generated|_~24             ; out0             ;
; |demux_1_8|lpm_mux:Mux5|mux_cqc:auto_generated|_~26             ; |demux_1_8|lpm_mux:Mux5|mux_cqc:auto_generated|_~26             ; out0             ;
; |demux_1_8|lpm_mux:Mux5|mux_cqc:auto_generated|_~27             ; |demux_1_8|lpm_mux:Mux5|mux_cqc:auto_generated|_~27             ; out0             ;
; |demux_1_8|lpm_mux:Mux5|mux_cqc:auto_generated|_~31             ; |demux_1_8|lpm_mux:Mux5|mux_cqc:auto_generated|_~31             ; out0             ;
; |demux_1_8|lpm_mux:Mux5|mux_cqc:auto_generated|_~33             ; |demux_1_8|lpm_mux:Mux5|mux_cqc:auto_generated|_~33             ; out0             ;
; |demux_1_8|lpm_mux:Mux5|mux_cqc:auto_generated|_~35             ; |demux_1_8|lpm_mux:Mux5|mux_cqc:auto_generated|_~35             ; out0             ;
; |demux_1_8|lpm_mux:Mux5|mux_cqc:auto_generated|_~36             ; |demux_1_8|lpm_mux:Mux5|mux_cqc:auto_generated|_~36             ; out0             ;
; |demux_1_8|lpm_mux:Mux4|mux_cqc:auto_generated|_~0              ; |demux_1_8|lpm_mux:Mux4|mux_cqc:auto_generated|_~0              ; out0             ;
; |demux_1_8|lpm_mux:Mux4|mux_cqc:auto_generated|_~2              ; |demux_1_8|lpm_mux:Mux4|mux_cqc:auto_generated|_~2              ; out0             ;
; |demux_1_8|lpm_mux:Mux4|mux_cqc:auto_generated|_~4              ; |demux_1_8|lpm_mux:Mux4|mux_cqc:auto_generated|_~4              ; out0             ;
; |demux_1_8|lpm_mux:Mux4|mux_cqc:auto_generated|_~9              ; |demux_1_8|lpm_mux:Mux4|mux_cqc:auto_generated|_~9              ; out0             ;
; |demux_1_8|lpm_mux:Mux4|mux_cqc:auto_generated|_~11             ; |demux_1_8|lpm_mux:Mux4|mux_cqc:auto_generated|_~11             ; out0             ;
; |demux_1_8|lpm_mux:Mux4|mux_cqc:auto_generated|_~13             ; |demux_1_8|lpm_mux:Mux4|mux_cqc:auto_generated|_~13             ; out0             ;
; |demux_1_8|lpm_mux:Mux4|mux_cqc:auto_generated|_~19             ; |demux_1_8|lpm_mux:Mux4|mux_cqc:auto_generated|_~19             ; out0             ;
; |demux_1_8|lpm_mux:Mux4|mux_cqc:auto_generated|_~20             ; |demux_1_8|lpm_mux:Mux4|mux_cqc:auto_generated|_~20             ; out0             ;
; |demux_1_8|lpm_mux:Mux4|mux_cqc:auto_generated|result_node[0]~0 ; |demux_1_8|lpm_mux:Mux4|mux_cqc:auto_generated|result_node[0]~0 ; out0             ;
; |demux_1_8|lpm_mux:Mux4|mux_cqc:auto_generated|_~22             ; |demux_1_8|lpm_mux:Mux4|mux_cqc:auto_generated|_~22             ; out0             ;
; |demux_1_8|lpm_mux:Mux4|mux_cqc:auto_generated|_~24             ; |demux_1_8|lpm_mux:Mux4|mux_cqc:auto_generated|_~24             ; out0             ;
; |demux_1_8|lpm_mux:Mux4|mux_cqc:auto_generated|_~26             ; |demux_1_8|lpm_mux:Mux4|mux_cqc:auto_generated|_~26             ; out0             ;
; |demux_1_8|lpm_mux:Mux4|mux_cqc:auto_generated|_~31             ; |demux_1_8|lpm_mux:Mux4|mux_cqc:auto_generated|_~31             ; out0             ;
; |demux_1_8|lpm_mux:Mux4|mux_cqc:auto_generated|_~33             ; |demux_1_8|lpm_mux:Mux4|mux_cqc:auto_generated|_~33             ; out0             ;
; |demux_1_8|lpm_mux:Mux4|mux_cqc:auto_generated|_~35             ; |demux_1_8|lpm_mux:Mux4|mux_cqc:auto_generated|_~35             ; out0             ;
; |demux_1_8|lpm_mux:Mux4|mux_cqc:auto_generated|_~40             ; |demux_1_8|lpm_mux:Mux4|mux_cqc:auto_generated|_~40             ; out0             ;
; |demux_1_8|lpm_mux:Mux3|mux_cqc:auto_generated|_~0              ; |demux_1_8|lpm_mux:Mux3|mux_cqc:auto_generated|_~0              ; out0             ;
; |demux_1_8|lpm_mux:Mux3|mux_cqc:auto_generated|_~9              ; |demux_1_8|lpm_mux:Mux3|mux_cqc:auto_generated|_~9              ; out0             ;
; |demux_1_8|lpm_mux:Mux3|mux_cqc:auto_generated|_~22             ; |demux_1_8|lpm_mux:Mux3|mux_cqc:auto_generated|_~22             ; out0             ;
; |demux_1_8|lpm_mux:Mux3|mux_cqc:auto_generated|_~24             ; |demux_1_8|lpm_mux:Mux3|mux_cqc:auto_generated|_~24             ; out0             ;
; |demux_1_8|lpm_mux:Mux3|mux_cqc:auto_generated|_~26             ; |demux_1_8|lpm_mux:Mux3|mux_cqc:auto_generated|_~26             ; out0             ;
; |demux_1_8|lpm_mux:Mux3|mux_cqc:auto_generated|_~31             ; |demux_1_8|lpm_mux:Mux3|mux_cqc:auto_generated|_~31             ; out0             ;
; |demux_1_8|lpm_mux:Mux3|mux_cqc:auto_generated|_~33             ; |demux_1_8|lpm_mux:Mux3|mux_cqc:auto_generated|_~33             ; out0             ;
; |demux_1_8|lpm_mux:Mux3|mux_cqc:auto_generated|_~35             ; |demux_1_8|lpm_mux:Mux3|mux_cqc:auto_generated|_~35             ; out0             ;
; |demux_1_8|lpm_mux:Mux3|mux_cqc:auto_generated|_~41             ; |demux_1_8|lpm_mux:Mux3|mux_cqc:auto_generated|_~41             ; out0             ;
; |demux_1_8|lpm_mux:Mux3|mux_cqc:auto_generated|_~42             ; |demux_1_8|lpm_mux:Mux3|mux_cqc:auto_generated|_~42             ; out0             ;
; |demux_1_8|lpm_mux:Mux3|mux_cqc:auto_generated|result_node[0]~1 ; |demux_1_8|lpm_mux:Mux3|mux_cqc:auto_generated|result_node[0]~1 ; out0             ;
; |demux_1_8|lpm_mux:Mux2|mux_cqc:auto_generated|_~2              ; |demux_1_8|lpm_mux:Mux2|mux_cqc:auto_generated|_~2              ; out0             ;
; |demux_1_8|lpm_mux:Mux2|mux_cqc:auto_generated|_~4              ; |demux_1_8|lpm_mux:Mux2|mux_cqc:auto_generated|_~4              ; out0             ;
; |demux_1_8|lpm_mux:Mux2|mux_cqc:auto_generated|_~11             ; |demux_1_8|lpm_mux:Mux2|mux_cqc:auto_generated|_~11             ; out0             ;
; |demux_1_8|lpm_mux:Mux2|mux_cqc:auto_generated|_~13             ; |demux_1_8|lpm_mux:Mux2|mux_cqc:auto_generated|_~13             ; out0             ;
; |demux_1_8|lpm_mux:Mux2|mux_cqc:auto_generated|_~19             ; |demux_1_8|lpm_mux:Mux2|mux_cqc:auto_generated|_~19             ; out0             ;
; |demux_1_8|lpm_mux:Mux2|mux_cqc:auto_generated|_~22             ; |demux_1_8|lpm_mux:Mux2|mux_cqc:auto_generated|_~22             ; out0             ;
; |demux_1_8|lpm_mux:Mux2|mux_cqc:auto_generated|_~24             ; |demux_1_8|lpm_mux:Mux2|mux_cqc:auto_generated|_~24             ; out0             ;
; |demux_1_8|lpm_mux:Mux2|mux_cqc:auto_generated|_~26             ; |demux_1_8|lpm_mux:Mux2|mux_cqc:auto_generated|_~26             ; out0             ;
; |demux_1_8|lpm_mux:Mux2|mux_cqc:auto_generated|_~31             ; |demux_1_8|lpm_mux:Mux2|mux_cqc:auto_generated|_~31             ; out0             ;
; |demux_1_8|lpm_mux:Mux2|mux_cqc:auto_generated|_~33             ; |demux_1_8|lpm_mux:Mux2|mux_cqc:auto_generated|_~33             ; out0             ;
; |demux_1_8|lpm_mux:Mux2|mux_cqc:auto_generated|_~35             ; |demux_1_8|lpm_mux:Mux2|mux_cqc:auto_generated|_~35             ; out0             ;
; |demux_1_8|lpm_mux:Mux2|mux_cqc:auto_generated|_~41             ; |demux_1_8|lpm_mux:Mux2|mux_cqc:auto_generated|_~41             ; out0             ;
; |demux_1_8|lpm_mux:Mux2|mux_cqc:auto_generated|_~42             ; |demux_1_8|lpm_mux:Mux2|mux_cqc:auto_generated|_~42             ; out0             ;
; |demux_1_8|lpm_mux:Mux2|mux_cqc:auto_generated|result_node[0]~1 ; |demux_1_8|lpm_mux:Mux2|mux_cqc:auto_generated|result_node[0]~1 ; out0             ;
; |demux_1_8|lpm_mux:Mux1|mux_cqc:auto_generated|_~0              ; |demux_1_8|lpm_mux:Mux1|mux_cqc:auto_generated|_~0              ; out0             ;
; |demux_1_8|lpm_mux:Mux1|mux_cqc:auto_generated|_~2              ; |demux_1_8|lpm_mux:Mux1|mux_cqc:auto_generated|_~2              ; out0             ;
; |demux_1_8|lpm_mux:Mux1|mux_cqc:auto_generated|_~4              ; |demux_1_8|lpm_mux:Mux1|mux_cqc:auto_generated|_~4              ; out0             ;
; |demux_1_8|lpm_mux:Mux1|mux_cqc:auto_generated|_~5              ; |demux_1_8|lpm_mux:Mux1|mux_cqc:auto_generated|_~5              ; out0             ;
; |demux_1_8|lpm_mux:Mux1|mux_cqc:auto_generated|_~9              ; |demux_1_8|lpm_mux:Mux1|mux_cqc:auto_generated|_~9              ; out0             ;
; |demux_1_8|lpm_mux:Mux1|mux_cqc:auto_generated|_~11             ; |demux_1_8|lpm_mux:Mux1|mux_cqc:auto_generated|_~11             ; out0             ;
; |demux_1_8|lpm_mux:Mux1|mux_cqc:auto_generated|_~13             ; |demux_1_8|lpm_mux:Mux1|mux_cqc:auto_generated|_~13             ; out0             ;
; |demux_1_8|lpm_mux:Mux1|mux_cqc:auto_generated|_~14             ; |demux_1_8|lpm_mux:Mux1|mux_cqc:auto_generated|_~14             ; out0             ;
; |demux_1_8|lpm_mux:Mux1|mux_cqc:auto_generated|_~22             ; |demux_1_8|lpm_mux:Mux1|mux_cqc:auto_generated|_~22             ; out0             ;
; |demux_1_8|lpm_mux:Mux1|mux_cqc:auto_generated|_~24             ; |demux_1_8|lpm_mux:Mux1|mux_cqc:auto_generated|_~24             ; out0             ;
; |demux_1_8|lpm_mux:Mux1|mux_cqc:auto_generated|_~26             ; |demux_1_8|lpm_mux:Mux1|mux_cqc:auto_generated|_~26             ; out0             ;
; |demux_1_8|lpm_mux:Mux1|mux_cqc:auto_generated|_~31             ; |demux_1_8|lpm_mux:Mux1|mux_cqc:auto_generated|_~31             ; out0             ;
; |demux_1_8|lpm_mux:Mux1|mux_cqc:auto_generated|_~33             ; |demux_1_8|lpm_mux:Mux1|mux_cqc:auto_generated|_~33             ; out0             ;
; |demux_1_8|lpm_mux:Mux1|mux_cqc:auto_generated|_~35             ; |demux_1_8|lpm_mux:Mux1|mux_cqc:auto_generated|_~35             ; out0             ;
; |demux_1_8|lpm_mux:Mux1|mux_cqc:auto_generated|_~41             ; |demux_1_8|lpm_mux:Mux1|mux_cqc:auto_generated|_~41             ; out0             ;
; |demux_1_8|lpm_mux:Mux1|mux_cqc:auto_generated|_~42             ; |demux_1_8|lpm_mux:Mux1|mux_cqc:auto_generated|_~42             ; out0             ;
; |demux_1_8|lpm_mux:Mux1|mux_cqc:auto_generated|result_node[0]~1 ; |demux_1_8|lpm_mux:Mux1|mux_cqc:auto_generated|result_node[0]~1 ; out0             ;
; |demux_1_8|lpm_mux:Mux0|mux_cqc:auto_generated|_~0              ; |demux_1_8|lpm_mux:Mux0|mux_cqc:auto_generated|_~0              ; out0             ;
; |demux_1_8|lpm_mux:Mux0|mux_cqc:auto_generated|_~2              ; |demux_1_8|lpm_mux:Mux0|mux_cqc:auto_generated|_~2              ; out0             ;
; |demux_1_8|lpm_mux:Mux0|mux_cqc:auto_generated|_~4              ; |demux_1_8|lpm_mux:Mux0|mux_cqc:auto_generated|_~4              ; out0             ;
; |demux_1_8|lpm_mux:Mux0|mux_cqc:auto_generated|_~9              ; |demux_1_8|lpm_mux:Mux0|mux_cqc:auto_generated|_~9              ; out0             ;
; |demux_1_8|lpm_mux:Mux0|mux_cqc:auto_generated|_~11             ; |demux_1_8|lpm_mux:Mux0|mux_cqc:auto_generated|_~11             ; out0             ;
; |demux_1_8|lpm_mux:Mux0|mux_cqc:auto_generated|_~13             ; |demux_1_8|lpm_mux:Mux0|mux_cqc:auto_generated|_~13             ; out0             ;
; |demux_1_8|lpm_mux:Mux0|mux_cqc:auto_generated|_~18             ; |demux_1_8|lpm_mux:Mux0|mux_cqc:auto_generated|_~18             ; out0             ;
; |demux_1_8|lpm_mux:Mux0|mux_cqc:auto_generated|_~22             ; |demux_1_8|lpm_mux:Mux0|mux_cqc:auto_generated|_~22             ; out0             ;
; |demux_1_8|lpm_mux:Mux0|mux_cqc:auto_generated|_~24             ; |demux_1_8|lpm_mux:Mux0|mux_cqc:auto_generated|_~24             ; out0             ;
; |demux_1_8|lpm_mux:Mux0|mux_cqc:auto_generated|_~26             ; |demux_1_8|lpm_mux:Mux0|mux_cqc:auto_generated|_~26             ; out0             ;
; |demux_1_8|lpm_mux:Mux0|mux_cqc:auto_generated|_~31             ; |demux_1_8|lpm_mux:Mux0|mux_cqc:auto_generated|_~31             ; out0             ;
; |demux_1_8|lpm_mux:Mux0|mux_cqc:auto_generated|_~33             ; |demux_1_8|lpm_mux:Mux0|mux_cqc:auto_generated|_~33             ; out0             ;
; |demux_1_8|lpm_mux:Mux0|mux_cqc:auto_generated|_~35             ; |demux_1_8|lpm_mux:Mux0|mux_cqc:auto_generated|_~35             ; out0             ;
; |demux_1_8|lpm_mux:Mux0|mux_cqc:auto_generated|_~41             ; |demux_1_8|lpm_mux:Mux0|mux_cqc:auto_generated|_~41             ; out0             ;
; |demux_1_8|lpm_mux:Mux0|mux_cqc:auto_generated|_~42             ; |demux_1_8|lpm_mux:Mux0|mux_cqc:auto_generated|_~42             ; out0             ;
; |demux_1_8|lpm_mux:Mux0|mux_cqc:auto_generated|result_node[0]~1 ; |demux_1_8|lpm_mux:Mux0|mux_cqc:auto_generated|result_node[0]~1 ; out0             ;
+-----------------------------------------------------------------+-----------------------------------------------------------------+------------------+


The following table displays output ports that do not toggle to 0 during simulation.
+------------------------------------------------------------------------------------------------------------------------------------------------------+
; Missing 0-Value Coverage                                                                                                                             ;
+-----------------------------------------------------------------+-----------------------------------------------------------------+------------------+
; Node Name                                                       ; Output Port Name                                                ; Output Port Type ;
+-----------------------------------------------------------------+-----------------------------------------------------------------+------------------+
; |demux_1_8|I                                                    ; |demux_1_8|I                                                    ; out              ;
; |demux_1_8|En                                                   ; |demux_1_8|En                                                   ; out              ;
; |demux_1_8|lpm_mux:Mux7|mux_cqc:auto_generated|_~0              ; |demux_1_8|lpm_mux:Mux7|mux_cqc:auto_generated|_~0              ; out0             ;
; |demux_1_8|lpm_mux:Mux7|mux_cqc:auto_generated|_~2              ; |demux_1_8|lpm_mux:Mux7|mux_cqc:auto_generated|_~2              ; out0             ;
; |demux_1_8|lpm_mux:Mux7|mux_cqc:auto_generated|_~4              ; |demux_1_8|lpm_mux:Mux7|mux_cqc:auto_generated|_~4              ; out0             ;
; |demux_1_8|lpm_mux:Mux7|mux_cqc:auto_generated|_~9              ; |demux_1_8|lpm_mux:Mux7|mux_cqc:auto_generated|_~9              ; out0             ;
; |demux_1_8|lpm_mux:Mux7|mux_cqc:auto_generated|_~11             ; |demux_1_8|lpm_mux:Mux7|mux_cqc:auto_generated|_~11             ; out0             ;
; |demux_1_8|lpm_mux:Mux7|mux_cqc:auto_generated|_~13             ; |demux_1_8|lpm_mux:Mux7|mux_cqc:auto_generated|_~13             ; out0             ;
; |demux_1_8|lpm_mux:Mux7|mux_cqc:auto_generated|_~19             ; |demux_1_8|lpm_mux:Mux7|mux_cqc:auto_generated|_~19             ; out0             ;
; |demux_1_8|lpm_mux:Mux7|mux_cqc:auto_generated|_~20             ; |demux_1_8|lpm_mux:Mux7|mux_cqc:auto_generated|_~20             ; out0             ;
; |demux_1_8|lpm_mux:Mux7|mux_cqc:auto_generated|result_node[0]~0 ; |demux_1_8|lpm_mux:Mux7|mux_cqc:auto_generated|result_node[0]~0 ; out0             ;
; |demux_1_8|lpm_mux:Mux7|mux_cqc:auto_generated|_~22             ; |demux_1_8|lpm_mux:Mux7|mux_cqc:auto_generated|_~22             ; out0             ;
; |demux_1_8|lpm_mux:Mux7|mux_cqc:auto_generated|_~31             ; |demux_1_8|lpm_mux:Mux7|mux_cqc:auto_generated|_~31             ; out0             ;
; |demux_1_8|lpm_mux:Mux6|mux_cqc:auto_generated|_~0              ; |demux_1_8|lpm_mux:Mux6|mux_cqc:auto_generated|_~0              ; out0             ;
; |demux_1_8|lpm_mux:Mux6|mux_cqc:auto_generated|_~2              ; |demux_1_8|lpm_mux:Mux6|mux_cqc:auto_generated|_~2              ; out0             ;
; |demux_1_8|lpm_mux:Mux6|mux_cqc:auto_generated|_~4              ; |demux_1_8|lpm_mux:Mux6|mux_cqc:auto_generated|_~4              ; out0             ;
; |demux_1_8|lpm_mux:Mux6|mux_cqc:auto_generated|_~9              ; |demux_1_8|lpm_mux:Mux6|mux_cqc:auto_generated|_~9              ; out0             ;
; |demux_1_8|lpm_mux:Mux6|mux_cqc:auto_generated|_~11             ; |demux_1_8|lpm_mux:Mux6|mux_cqc:auto_generated|_~11             ; out0             ;
; |demux_1_8|lpm_mux:Mux6|mux_cqc:auto_generated|_~13             ; |demux_1_8|lpm_mux:Mux6|mux_cqc:auto_generated|_~13             ; out0             ;
; |demux_1_8|lpm_mux:Mux6|mux_cqc:auto_generated|_~19             ; |demux_1_8|lpm_mux:Mux6|mux_cqc:auto_generated|_~19             ; out0             ;
; |demux_1_8|lpm_mux:Mux6|mux_cqc:auto_generated|_~20             ; |demux_1_8|lpm_mux:Mux6|mux_cqc:auto_generated|_~20             ; out0             ;
; |demux_1_8|lpm_mux:Mux6|mux_cqc:auto_generated|result_node[0]~0 ; |demux_1_8|lpm_mux:Mux6|mux_cqc:auto_generated|result_node[0]~0 ; out0             ;
; |demux_1_8|lpm_mux:Mux6|mux_cqc:auto_generated|_~24             ; |demux_1_8|lpm_mux:Mux6|mux_cqc:auto_generated|_~24             ; out0             ;
; |demux_1_8|lpm_mux:Mux6|mux_cqc:auto_generated|_~26             ; |demux_1_8|lpm_mux:Mux6|mux_cqc:auto_generated|_~26             ; out0             ;
; |demux_1_8|lpm_mux:Mux6|mux_cqc:auto_generated|_~33             ; |demux_1_8|lpm_mux:Mux6|mux_cqc:auto_generated|_~33             ; out0             ;
; |demux_1_8|lpm_mux:Mux6|mux_cqc:auto_generated|_~35             ; |demux_1_8|lpm_mux:Mux6|mux_cqc:auto_generated|_~35             ; out0             ;
; |demux_1_8|lpm_mux:Mux6|mux_cqc:auto_generated|_~41             ; |demux_1_8|lpm_mux:Mux6|mux_cqc:auto_generated|_~41             ; out0             ;
; |demux_1_8|lpm_mux:Mux5|mux_cqc:auto_generated|_~0              ; |demux_1_8|lpm_mux:Mux5|mux_cqc:auto_generated|_~0              ; out0             ;
; |demux_1_8|lpm_mux:Mux5|mux_cqc:auto_generated|_~2              ; |demux_1_8|lpm_mux:Mux5|mux_cqc:auto_generated|_~2              ; out0             ;
; |demux_1_8|lpm_mux:Mux5|mux_cqc:auto_generated|_~4              ; |demux_1_8|lpm_mux:Mux5|mux_cqc:auto_generated|_~4              ; out0             ;
; |demux_1_8|lpm_mux:Mux5|mux_cqc:auto_generated|_~9              ; |demux_1_8|lpm_mux:Mux5|mux_cqc:auto_generated|_~9              ; out0             ;
; |demux_1_8|lpm_mux:Mux5|mux_cqc:auto_generated|_~11             ; |demux_1_8|lpm_mux:Mux5|mux_cqc:auto_generated|_~11             ; out0             ;
; |demux_1_8|lpm_mux:Mux5|mux_cqc:auto_generated|_~13             ; |demux_1_8|lpm_mux:Mux5|mux_cqc:auto_generated|_~13             ; out0             ;
; |demux_1_8|lpm_mux:Mux5|mux_cqc:auto_generated|_~19             ; |demux_1_8|lpm_mux:Mux5|mux_cqc:auto_generated|_~19             ; out0             ;
; |demux_1_8|lpm_mux:Mux5|mux_cqc:auto_generated|_~20             ; |demux_1_8|lpm_mux:Mux5|mux_cqc:auto_generated|_~20             ; out0             ;
; |demux_1_8|lpm_mux:Mux5|mux_cqc:auto_generated|result_node[0]~0 ; |demux_1_8|lpm_mux:Mux5|mux_cqc:auto_generated|result_node[0]~0 ; out0             ;
; |demux_1_8|lpm_mux:Mux5|mux_cqc:auto_generated|_~22             ; |demux_1_8|lpm_mux:Mux5|mux_cqc:auto_generated|_~22             ; out0             ;
; |demux_1_8|lpm_mux:Mux5|mux_cqc:auto_generated|_~24             ; |demux_1_8|lpm_mux:Mux5|mux_cqc:auto_generated|_~24             ; out0             ;
; |demux_1_8|lpm_mux:Mux5|mux_cqc:auto_generated|_~26             ; |demux_1_8|lpm_mux:Mux5|mux_cqc:auto_generated|_~26             ; out0             ;
; |demux_1_8|lpm_mux:Mux5|mux_cqc:auto_generated|_~27             ; |demux_1_8|lpm_mux:Mux5|mux_cqc:auto_generated|_~27             ; out0             ;
; |demux_1_8|lpm_mux:Mux5|mux_cqc:auto_generated|_~31             ; |demux_1_8|lpm_mux:Mux5|mux_cqc:auto_generated|_~31             ; out0             ;
; |demux_1_8|lpm_mux:Mux5|mux_cqc:auto_generated|_~33             ; |demux_1_8|lpm_mux:Mux5|mux_cqc:auto_generated|_~33             ; out0             ;
; |demux_1_8|lpm_mux:Mux5|mux_cqc:auto_generated|_~35             ; |demux_1_8|lpm_mux:Mux5|mux_cqc:auto_generated|_~35             ; out0             ;
; |demux_1_8|lpm_mux:Mux5|mux_cqc:auto_generated|_~36             ; |demux_1_8|lpm_mux:Mux5|mux_cqc:auto_generated|_~36             ; out0             ;
; |demux_1_8|lpm_mux:Mux4|mux_cqc:auto_generated|_~0              ; |demux_1_8|lpm_mux:Mux4|mux_cqc:auto_generated|_~0              ; out0             ;
; |demux_1_8|lpm_mux:Mux4|mux_cqc:auto_generated|_~2              ; |demux_1_8|lpm_mux:Mux4|mux_cqc:auto_generated|_~2              ; out0             ;
; |demux_1_8|lpm_mux:Mux4|mux_cqc:auto_generated|_~4              ; |demux_1_8|lpm_mux:Mux4|mux_cqc:auto_generated|_~4              ; out0             ;
; |demux_1_8|lpm_mux:Mux4|mux_cqc:auto_generated|_~9              ; |demux_1_8|lpm_mux:Mux4|mux_cqc:auto_generated|_~9              ; out0             ;
; |demux_1_8|lpm_mux:Mux4|mux_cqc:auto_generated|_~11             ; |demux_1_8|lpm_mux:Mux4|mux_cqc:auto_generated|_~11             ; out0             ;
; |demux_1_8|lpm_mux:Mux4|mux_cqc:auto_generated|_~13             ; |demux_1_8|lpm_mux:Mux4|mux_cqc:auto_generated|_~13             ; out0             ;
; |demux_1_8|lpm_mux:Mux4|mux_cqc:auto_generated|_~19             ; |demux_1_8|lpm_mux:Mux4|mux_cqc:auto_generated|_~19             ; out0             ;
; |demux_1_8|lpm_mux:Mux4|mux_cqc:auto_generated|_~20             ; |demux_1_8|lpm_mux:Mux4|mux_cqc:auto_generated|_~20             ; out0             ;
; |demux_1_8|lpm_mux:Mux4|mux_cqc:auto_generated|result_node[0]~0 ; |demux_1_8|lpm_mux:Mux4|mux_cqc:auto_generated|result_node[0]~0 ; out0             ;
; |demux_1_8|lpm_mux:Mux4|mux_cqc:auto_generated|_~22             ; |demux_1_8|lpm_mux:Mux4|mux_cqc:auto_generated|_~22             ; out0             ;
; |demux_1_8|lpm_mux:Mux4|mux_cqc:auto_generated|_~24             ; |demux_1_8|lpm_mux:Mux4|mux_cqc:auto_generated|_~24             ; out0             ;
; |demux_1_8|lpm_mux:Mux4|mux_cqc:auto_generated|_~26             ; |demux_1_8|lpm_mux:Mux4|mux_cqc:auto_generated|_~26             ; out0             ;
; |demux_1_8|lpm_mux:Mux4|mux_cqc:auto_generated|_~31             ; |demux_1_8|lpm_mux:Mux4|mux_cqc:auto_generated|_~31             ; out0             ;
; |demux_1_8|lpm_mux:Mux4|mux_cqc:auto_generated|_~33             ; |demux_1_8|lpm_mux:Mux4|mux_cqc:auto_generated|_~33             ; out0             ;
; |demux_1_8|lpm_mux:Mux4|mux_cqc:auto_generated|_~35             ; |demux_1_8|lpm_mux:Mux4|mux_cqc:auto_generated|_~35             ; out0             ;
; |demux_1_8|lpm_mux:Mux4|mux_cqc:auto_generated|_~40             ; |demux_1_8|lpm_mux:Mux4|mux_cqc:auto_generated|_~40             ; out0             ;
; |demux_1_8|lpm_mux:Mux3|mux_cqc:auto_generated|_~0              ; |demux_1_8|lpm_mux:Mux3|mux_cqc:auto_generated|_~0              ; out0             ;
; |demux_1_8|lpm_mux:Mux3|mux_cqc:auto_generated|_~9              ; |demux_1_8|lpm_mux:Mux3|mux_cqc:auto_generated|_~9              ; out0             ;
; |demux_1_8|lpm_mux:Mux3|mux_cqc:auto_generated|_~22             ; |demux_1_8|lpm_mux:Mux3|mux_cqc:auto_generated|_~22             ; out0             ;
; |demux_1_8|lpm_mux:Mux3|mux_cqc:auto_generated|_~24             ; |demux_1_8|lpm_mux:Mux3|mux_cqc:auto_generated|_~24             ; out0             ;
; |demux_1_8|lpm_mux:Mux3|mux_cqc:auto_generated|_~26             ; |demux_1_8|lpm_mux:Mux3|mux_cqc:auto_generated|_~26             ; out0             ;
; |demux_1_8|lpm_mux:Mux3|mux_cqc:auto_generated|_~31             ; |demux_1_8|lpm_mux:Mux3|mux_cqc:auto_generated|_~31             ; out0             ;
; |demux_1_8|lpm_mux:Mux3|mux_cqc:auto_generated|_~33             ; |demux_1_8|lpm_mux:Mux3|mux_cqc:auto_generated|_~33             ; out0             ;
; |demux_1_8|lpm_mux:Mux3|mux_cqc:auto_generated|_~35             ; |demux_1_8|lpm_mux:Mux3|mux_cqc:auto_generated|_~35             ; out0             ;
; |demux_1_8|lpm_mux:Mux3|mux_cqc:auto_generated|_~41             ; |demux_1_8|lpm_mux:Mux3|mux_cqc:auto_generated|_~41             ; out0             ;
; |demux_1_8|lpm_mux:Mux3|mux_cqc:auto_generated|_~42             ; |demux_1_8|lpm_mux:Mux3|mux_cqc:auto_generated|_~42             ; out0             ;
; |demux_1_8|lpm_mux:Mux3|mux_cqc:auto_generated|result_node[0]~1 ; |demux_1_8|lpm_mux:Mux3|mux_cqc:auto_generated|result_node[0]~1 ; out0             ;
; |demux_1_8|lpm_mux:Mux2|mux_cqc:auto_generated|_~2              ; |demux_1_8|lpm_mux:Mux2|mux_cqc:auto_generated|_~2              ; out0             ;
; |demux_1_8|lpm_mux:Mux2|mux_cqc:auto_generated|_~4              ; |demux_1_8|lpm_mux:Mux2|mux_cqc:auto_generated|_~4              ; out0             ;
; |demux_1_8|lpm_mux:Mux2|mux_cqc:auto_generated|_~11             ; |demux_1_8|lpm_mux:Mux2|mux_cqc:auto_generated|_~11             ; out0             ;
; |demux_1_8|lpm_mux:Mux2|mux_cqc:auto_generated|_~13             ; |demux_1_8|lpm_mux:Mux2|mux_cqc:auto_generated|_~13             ; out0             ;
; |demux_1_8|lpm_mux:Mux2|mux_cqc:auto_generated|_~19             ; |demux_1_8|lpm_mux:Mux2|mux_cqc:auto_generated|_~19             ; out0             ;
; |demux_1_8|lpm_mux:Mux2|mux_cqc:auto_generated|_~22             ; |demux_1_8|lpm_mux:Mux2|mux_cqc:auto_generated|_~22             ; out0             ;
; |demux_1_8|lpm_mux:Mux2|mux_cqc:auto_generated|_~24             ; |demux_1_8|lpm_mux:Mux2|mux_cqc:auto_generated|_~24             ; out0             ;
; |demux_1_8|lpm_mux:Mux2|mux_cqc:auto_generated|_~26             ; |demux_1_8|lpm_mux:Mux2|mux_cqc:auto_generated|_~26             ; out0             ;
; |demux_1_8|lpm_mux:Mux2|mux_cqc:auto_generated|_~31             ; |demux_1_8|lpm_mux:Mux2|mux_cqc:auto_generated|_~31             ; out0             ;
; |demux_1_8|lpm_mux:Mux2|mux_cqc:auto_generated|_~33             ; |demux_1_8|lpm_mux:Mux2|mux_cqc:auto_generated|_~33             ; out0             ;
; |demux_1_8|lpm_mux:Mux2|mux_cqc:auto_generated|_~35             ; |demux_1_8|lpm_mux:Mux2|mux_cqc:auto_generated|_~35             ; out0             ;
; |demux_1_8|lpm_mux:Mux2|mux_cqc:auto_generated|_~41             ; |demux_1_8|lpm_mux:Mux2|mux_cqc:auto_generated|_~41             ; out0             ;
; |demux_1_8|lpm_mux:Mux2|mux_cqc:auto_generated|_~42             ; |demux_1_8|lpm_mux:Mux2|mux_cqc:auto_generated|_~42             ; out0             ;
; |demux_1_8|lpm_mux:Mux2|mux_cqc:auto_generated|result_node[0]~1 ; |demux_1_8|lpm_mux:Mux2|mux_cqc:auto_generated|result_node[0]~1 ; out0             ;
; |demux_1_8|lpm_mux:Mux1|mux_cqc:auto_generated|_~0              ; |demux_1_8|lpm_mux:Mux1|mux_cqc:auto_generated|_~0              ; out0             ;
; |demux_1_8|lpm_mux:Mux1|mux_cqc:auto_generated|_~2              ; |demux_1_8|lpm_mux:Mux1|mux_cqc:auto_generated|_~2              ; out0             ;
; |demux_1_8|lpm_mux:Mux1|mux_cqc:auto_generated|_~4              ; |demux_1_8|lpm_mux:Mux1|mux_cqc:auto_generated|_~4              ; out0             ;
; |demux_1_8|lpm_mux:Mux1|mux_cqc:auto_generated|_~5              ; |demux_1_8|lpm_mux:Mux1|mux_cqc:auto_generated|_~5              ; out0             ;
; |demux_1_8|lpm_mux:Mux1|mux_cqc:auto_generated|_~9              ; |demux_1_8|lpm_mux:Mux1|mux_cqc:auto_generated|_~9              ; out0             ;
; |demux_1_8|lpm_mux:Mux1|mux_cqc:auto_generated|_~11             ; |demux_1_8|lpm_mux:Mux1|mux_cqc:auto_generated|_~11             ; out0             ;
; |demux_1_8|lpm_mux:Mux1|mux_cqc:auto_generated|_~13             ; |demux_1_8|lpm_mux:Mux1|mux_cqc:auto_generated|_~13             ; out0             ;
; |demux_1_8|lpm_mux:Mux1|mux_cqc:auto_generated|_~14             ; |demux_1_8|lpm_mux:Mux1|mux_cqc:auto_generated|_~14             ; out0             ;
; |demux_1_8|lpm_mux:Mux1|mux_cqc:auto_generated|_~22             ; |demux_1_8|lpm_mux:Mux1|mux_cqc:auto_generated|_~22             ; out0             ;
; |demux_1_8|lpm_mux:Mux1|mux_cqc:auto_generated|_~24             ; |demux_1_8|lpm_mux:Mux1|mux_cqc:auto_generated|_~24             ; out0             ;
; |demux_1_8|lpm_mux:Mux1|mux_cqc:auto_generated|_~26             ; |demux_1_8|lpm_mux:Mux1|mux_cqc:auto_generated|_~26             ; out0             ;
; |demux_1_8|lpm_mux:Mux1|mux_cqc:auto_generated|_~31             ; |demux_1_8|lpm_mux:Mux1|mux_cqc:auto_generated|_~31             ; out0             ;
; |demux_1_8|lpm_mux:Mux1|mux_cqc:auto_generated|_~33             ; |demux_1_8|lpm_mux:Mux1|mux_cqc:auto_generated|_~33             ; out0             ;
; |demux_1_8|lpm_mux:Mux1|mux_cqc:auto_generated|_~35             ; |demux_1_8|lpm_mux:Mux1|mux_cqc:auto_generated|_~35             ; out0             ;
; |demux_1_8|lpm_mux:Mux1|mux_cqc:auto_generated|_~41             ; |demux_1_8|lpm_mux:Mux1|mux_cqc:auto_generated|_~41             ; out0             ;
; |demux_1_8|lpm_mux:Mux1|mux_cqc:auto_generated|_~42             ; |demux_1_8|lpm_mux:Mux1|mux_cqc:auto_generated|_~42             ; out0             ;
; |demux_1_8|lpm_mux:Mux1|mux_cqc:auto_generated|result_node[0]~1 ; |demux_1_8|lpm_mux:Mux1|mux_cqc:auto_generated|result_node[0]~1 ; out0             ;
; |demux_1_8|lpm_mux:Mux0|mux_cqc:auto_generated|_~0              ; |demux_1_8|lpm_mux:Mux0|mux_cqc:auto_generated|_~0              ; out0             ;
; |demux_1_8|lpm_mux:Mux0|mux_cqc:auto_generated|_~2              ; |demux_1_8|lpm_mux:Mux0|mux_cqc:auto_generated|_~2              ; out0             ;
; |demux_1_8|lpm_mux:Mux0|mux_cqc:auto_generated|_~4              ; |demux_1_8|lpm_mux:Mux0|mux_cqc:auto_generated|_~4              ; out0             ;
; |demux_1_8|lpm_mux:Mux0|mux_cqc:auto_generated|_~9              ; |demux_1_8|lpm_mux:Mux0|mux_cqc:auto_generated|_~9              ; out0             ;
; |demux_1_8|lpm_mux:Mux0|mux_cqc:auto_generated|_~11             ; |demux_1_8|lpm_mux:Mux0|mux_cqc:auto_generated|_~11             ; out0             ;
; |demux_1_8|lpm_mux:Mux0|mux_cqc:auto_generated|_~13             ; |demux_1_8|lpm_mux:Mux0|mux_cqc:auto_generated|_~13             ; out0             ;
; |demux_1_8|lpm_mux:Mux0|mux_cqc:auto_generated|_~18             ; |demux_1_8|lpm_mux:Mux0|mux_cqc:auto_generated|_~18             ; out0             ;
; |demux_1_8|lpm_mux:Mux0|mux_cqc:auto_generated|_~22             ; |demux_1_8|lpm_mux:Mux0|mux_cqc:auto_generated|_~22             ; out0             ;
; |demux_1_8|lpm_mux:Mux0|mux_cqc:auto_generated|_~24             ; |demux_1_8|lpm_mux:Mux0|mux_cqc:auto_generated|_~24             ; out0             ;
; |demux_1_8|lpm_mux:Mux0|mux_cqc:auto_generated|_~26             ; |demux_1_8|lpm_mux:Mux0|mux_cqc:auto_generated|_~26             ; out0             ;
; |demux_1_8|lpm_mux:Mux0|mux_cqc:auto_generated|_~31             ; |demux_1_8|lpm_mux:Mux0|mux_cqc:auto_generated|_~31             ; out0             ;
; |demux_1_8|lpm_mux:Mux0|mux_cqc:auto_generated|_~33             ; |demux_1_8|lpm_mux:Mux0|mux_cqc:auto_generated|_~33             ; out0             ;
; |demux_1_8|lpm_mux:Mux0|mux_cqc:auto_generated|_~35             ; |demux_1_8|lpm_mux:Mux0|mux_cqc:auto_generated|_~35             ; out0             ;
; |demux_1_8|lpm_mux:Mux0|mux_cqc:auto_generated|_~41             ; |demux_1_8|lpm_mux:Mux0|mux_cqc:auto_generated|_~41             ; out0             ;
; |demux_1_8|lpm_mux:Mux0|mux_cqc:auto_generated|_~42             ; |demux_1_8|lpm_mux:Mux0|mux_cqc:auto_generated|_~42             ; out0             ;
; |demux_1_8|lpm_mux:Mux0|mux_cqc:auto_generated|result_node[0]~1 ; |demux_1_8|lpm_mux:Mux0|mux_cqc:auto_generated|result_node[0]~1 ; out0             ;
+-----------------------------------------------------------------+-----------------------------------------------------------------+------------------+


+---------------------+
; Simulator INI Usage ;
+--------+------------+
; Option ; Usage      ;
+--------+------------+


+--------------------+
; Simulator Messages ;
+--------------------+
Info: *******************************************************************
Info: Running Quartus II Simulator
    Info: Version 9.0 Build 132 02/25/2009 SJ Web Edition
    Info: Processing started: Mon Aug 19 14:51:19 2019
Info: Command: quartus_sim --read_settings_files=on --write_settings_files=off demux_1_8 -c demux_1_8
Info: Using vector source file "C:/Users/admin/Desktop/66_67/exp_3/demux_1_8/demux_1_8.vwf"
Info: Option to preserve fewer signal transitions to reduce memory requirements is enabled
    Info: Simulation has been partitioned into sub-simulations according to the maximum transition count determined by the engine. Transitions from memory will be flushed out to disk at the end of each sub-simulation to reduce memory requirements.
Info: Simulation partitioned into 1 sub-simulations
Info: Simulation coverage is      69.67 %
Info: Number of transitions in simulation is 83670
Info: Quartus II Simulator was successful. 0 errors, 0 warnings
    Info: Peak virtual memory: 139 megabytes
    Info: Processing ended: Mon Aug 19 14:51:20 2019
    Info: Elapsed time: 00:00:01
    Info: Total CPU time (on all processors): 00:00:01


