Flow report for shift_reg_struct
Mon Sep 23 15:22:58 2019
Quartus II Version 9.0 Build 132 02/25/2009 SJ Web Edition


---------------------
; Table of Contents ;
---------------------
  1. Legal Notice
  2. Flow Summary
  3. Flow Settings
  4. Flow Non-Default Global Settings
  5. Flow Elapsed Time
  6. Flow OS Summary
  7. Flow Log



----------------
; Legal Notice ;
----------------
Copyright (C) 1991-2009 Altera Corporation
Your use of Altera Corporation's design tools, logic functions 
and other software and tools, and its AMPP partner logic 
functions, and any output files from any of the foregoing 
(including device programming or simulation files), and any 
associated documentation or information are expressly subject 
to the terms and conditions of the Altera Program License 
Subscription Agreement, Altera MegaCore Function License 
Agreement, or other applicable license agreement, including, 
without limitation, that your use is for the sole purpose of 
programming logic devices manufactured by Altera and sold by 
Altera or its authorized distributors.  Please refer to the 
applicable agreement for further details.



+------------------------------------------------------------------------------+
; Flow Summary                                                                 ;
+------------------------------------+-----------------------------------------+
; Flow Status                        ; Successful - Mon Sep 23 15:22:54 2019   ;
; Quartus II Version                 ; 9.0 Build 132 02/25/2009 SJ Web Edition ;
; Revision Name                      ; shift_reg_struct                        ;
; Top-level Entity Name              ; shift_reg_struct                        ;
; Family                             ; Cyclone III                             ;
; Device                             ; EP3C16F484C6                            ;
; Timing Models                      ; Final                                   ;
; Met timing requirements            ; N/A                                     ;
; Total logic elements               ; 4 / 15,408 ( < 1 % )                    ;
;     Total combinational functions  ; 0 / 15,408 ( 0 % )                      ;
;     Dedicated logic registers      ; 4 / 15,408 ( < 1 % )                    ;
; Total registers                    ; 4                                       ;
; Total pins                         ; 4 / 347 ( 1 % )                         ;
; Total virtual pins                 ; 0                                       ;
; Total memory bits                  ; 0 / 516,096 ( 0 % )                     ;
; Embedded Multiplier 9-bit elements ; 0 / 112 ( 0 % )                         ;
; Total PLLs                         ; 0 / 4 ( 0 % )                           ;
+------------------------------------+-----------------------------------------+


+-----------------------------------------+
; Flow Settings                           ;
+-------------------+---------------------+
; Option            ; Setting             ;
+-------------------+---------------------+
; Start date & time ; 09/23/2019 15:22:42 ;
; Main task         ; Compilation         ;
; Revision Name     ; shift_reg_struct    ;
+-------------------+---------------------+


+--------------------------------------------------------------------------------------------------------------------------------------------------------------+
; Flow Non-Default Global Settings                                                                                                                             ;
+------------------------------------+--------------------------------------------------------------------------+---------------+-------------+----------------+
; Assignment Name                    ; Value                                                                    ; Default Value ; Entity Name ; Section Id     ;
+------------------------------------+--------------------------------------------------------------------------+---------------+-------------+----------------+
; COMPILER_SIGNATURE_ID              ; 119779275170731.156923236203372                                          ; --            ; --          ; --             ;
; MAX_CORE_JUNCTION_TEMP             ; 85                                                                       ; --            ; --          ; --             ;
; MIN_CORE_JUNCTION_TEMP             ; 0                                                                        ; --            ; --          ; --             ;
; MISC_FILE                          ; C:/Users/admin/Desktop/66_67/exp_6/shift_reg_struct/shift_reg_struct.dpf ; --            ; --          ; --             ;
; NOMINAL_CORE_SUPPLY_VOLTAGE        ; 1.2V                                                                     ; --            ; --          ; --             ;
; PARTITION_COLOR                    ; 16764057                                                                 ; --            ; --          ; Top            ;
; PARTITION_NETLIST_TYPE             ; SOURCE                                                                   ; --            ; --          ; Top            ;
; USE_GENERATED_PHYSICAL_CONSTRAINTS ; Off                                                                      ; --            ; --          ; eda_blast_fpga ;
+------------------------------------+--------------------------------------------------------------------------+---------------+-------------+----------------+


+-------------------------------------------------------------------------------------------------------------------------------+
; Flow Elapsed Time                                                                                                             ;
+---------------------------+--------------+-------------------------+---------------------+------------------------------------+
; Module Name               ; Elapsed Time ; Average Processors Used ; Peak Virtual Memory ; Total CPU Time (on all processors) ;
+---------------------------+--------------+-------------------------+---------------------+------------------------------------+
; Analysis & Synthesis      ; 00:00:02     ; 1.0                     ; 213 MB              ; 00:00:01                           ;
; Fitter                    ; 00:00:05     ; 1.0                     ; 269 MB              ; 00:00:05                           ;
; Assembler                 ; 00:00:03     ; 1.0                     ; 208 MB              ; 00:00:03                           ;
; TimeQuest Timing Analyzer ; 00:00:03     ; 1.0                     ; 220 MB              ; 00:00:02                           ;
; Total                     ; 00:00:13     ; --                      ; --                  ; 00:00:11                           ;
+---------------------------+--------------+-------------------------+---------------------+------------------------------------+


+--------------------------------------------------------------------------------------------+
; Flow OS Summary                                                                            ;
+---------------------------+------------------+---------------+------------+----------------+
; Module Name               ; Machine Hostname ; OS Name       ; OS Version ; Processor type ;
+---------------------------+------------------+---------------+------------+----------------+
; Analysis & Synthesis      ; admin-PC         ; Windows Vista ; 6.1        ; i686           ;
; Fitter                    ; admin-PC         ; Windows Vista ; 6.1        ; i686           ;
; Assembler                 ; admin-PC         ; Windows Vista ; 6.1        ; i686           ;
; TimeQuest Timing Analyzer ; admin-PC         ; Windows Vista ; 6.1        ; i686           ;
+---------------------------+------------------+---------------+------------+----------------+


------------
; Flow Log ;
------------
quartus_map --read_settings_files=on --write_settings_files=off shift_reg_struct -c shift_reg_struct
quartus_fit --read_settings_files=off --write_settings_files=off shift_reg_struct -c shift_reg_struct
quartus_asm --read_settings_files=off --write_settings_files=off shift_reg_struct -c shift_reg_struct
quartus_sta shift_reg_struct -c shift_reg_struct



