Analysis & Synthesis report for hammer_game
Sat Nov 02 18:13:36 2019
Quartus II Version 9.1 Build 350 03/24/2010 Service Pack 2 SJ Web Edition


---------------------
; Table of Contents ;
---------------------
  1. Legal Notice
  2. Analysis & Synthesis Summary
  3. Analysis & Synthesis Settings
  4. Parallel Compilation
  5. Analysis & Synthesis Source Files Read
  6. Analysis & Synthesis Resource Usage Summary
  7. Analysis & Synthesis Resource Utilization by Entity
  8. Registers Removed During Synthesis
  9. General Register Statistics
 10. Parameter Settings for Inferred Entity Instance: lpm_divide:Mod0
 11. Analysis & Synthesis Messages



----------------
; Legal Notice ;
----------------
Copyright (C) 1991-2010 Altera Corporation
Your use of Altera Corporation's design tools, logic functions 
and other software and tools, and its AMPP partner logic 
functions, and any output files from any of the foregoing 
(including device programming or simulation files), and any 
associated documentation or information are expressly subject 
to the terms and conditions of the Altera Program License 
Subscription Agreement, Altera MegaCore Function License 
Agreement, or other applicable license agreement, including, 
without limitation, that your use is for the sole purpose of 
programming logic devices manufactured by Altera and sold by 
Altera or its authorized distributors.  Please refer to the 
applicable agreement for further details.



+-----------------------------------------------------------------------------------+
; Analysis & Synthesis Summary                                                      ;
+------------------------------------+----------------------------------------------+
; Analysis & Synthesis Status        ; Successful - Sat Nov 02 18:13:36 2019        ;
; Quartus II Version                 ; 9.1 Build 350 03/24/2010 SP 2 SJ Web Edition ;
; Revision Name                      ; hammer_game                                  ;
; Top-level Entity Name              ; hammer_game                                  ;
; Family                             ; Cyclone III                                  ;
; Total logic elements               ; 1,814                                        ;
;     Total combinational functions  ; 1,809                                        ;
;     Dedicated logic registers      ; 149                                          ;
; Total registers                    ; 149                                          ;
; Total pins                         ; 12                                           ;
; Total virtual pins                 ; 0                                            ;
; Total memory bits                  ; 0                                            ;
; Embedded Multiplier 9-bit elements ; 0                                            ;
; Total PLLs                         ; 0                                            ;
+------------------------------------+----------------------------------------------+


+----------------------------------------------------------------------------------------------------------------------+
; Analysis & Synthesis Settings                                                                                        ;
+----------------------------------------------------------------------------+--------------------+--------------------+
; Option                                                                     ; Setting            ; Default Value      ;
+----------------------------------------------------------------------------+--------------------+--------------------+
; Device                                                                     ; EP3C16F484C6       ;                    ;
; Top-level entity name                                                      ; hammer_game        ; hammer_game        ;
; Family name                                                                ; Cyclone III        ; Stratix II         ;
; Use Generated Physical Constraints File                                    ; Off                ;                    ;
; Use smart compilation                                                      ; Off                ; Off                ;
; Enable parallel Assembler and TimeQuest Timing Analyzer during compilation ; On                 ; On                 ;
; Enable compact report table                                                ; Off                ; Off                ;
; Restructure Multiplexers                                                   ; Auto               ; Auto               ;
; Create Debugging Nodes for IP Cores                                        ; Off                ; Off                ;
; Preserve fewer node names                                                  ; On                 ; On                 ;
; Disable OpenCore Plus hardware evaluation                                  ; Off                ; Off                ;
; Verilog Version                                                            ; Verilog_2001       ; Verilog_2001       ;
; VHDL Version                                                               ; VHDL_1993          ; VHDL_1993          ;
; State Machine Processing                                                   ; Auto               ; Auto               ;
; Safe State Machine                                                         ; Off                ; Off                ;
; Extract Verilog State Machines                                             ; On                 ; On                 ;
; Extract VHDL State Machines                                                ; On                 ; On                 ;
; Ignore Verilog initial constructs                                          ; Off                ; Off                ;
; Iteration limit for constant Verilog loops                                 ; 5000               ; 5000               ;
; Iteration limit for non-constant Verilog loops                             ; 250                ; 250                ;
; Add Pass-Through Logic to Inferred RAMs                                    ; On                 ; On                 ;
; Parallel Synthesis                                                         ; On                 ; On                 ;
; DSP Block Balancing                                                        ; Auto               ; Auto               ;
; NOT Gate Push-Back                                                         ; On                 ; On                 ;
; Power-Up Don't Care                                                        ; On                 ; On                 ;
; Remove Redundant Logic Cells                                               ; Off                ; Off                ;
; Remove Duplicate Registers                                                 ; On                 ; On                 ;
; Ignore CARRY Buffers                                                       ; Off                ; Off                ;
; Ignore CASCADE Buffers                                                     ; Off                ; Off                ;
; Ignore GLOBAL Buffers                                                      ; Off                ; Off                ;
; Ignore ROW GLOBAL Buffers                                                  ; Off                ; Off                ;
; Ignore LCELL Buffers                                                       ; Off                ; Off                ;
; Ignore SOFT Buffers                                                        ; On                 ; On                 ;
; Limit AHDL Integers to 32 Bits                                             ; Off                ; Off                ;
; Optimization Technique                                                     ; Balanced           ; Balanced           ;
; Carry Chain Length                                                         ; 70                 ; 70                 ;
; Auto Carry Chains                                                          ; On                 ; On                 ;
; Auto Open-Drain Pins                                                       ; On                 ; On                 ;
; Perform WYSIWYG Primitive Resynthesis                                      ; Off                ; Off                ;
; Auto ROM Replacement                                                       ; On                 ; On                 ;
; Auto RAM Replacement                                                       ; On                 ; On                 ;
; Auto DSP Block Replacement                                                 ; On                 ; On                 ;
; Auto Shift Register Replacement                                            ; Auto               ; Auto               ;
; Auto Clock Enable Replacement                                              ; On                 ; On                 ;
; Strict RAM Replacement                                                     ; Off                ; Off                ;
; Allow Synchronous Control Signals                                          ; On                 ; On                 ;
; Force Use of Synchronous Clear Signals                                     ; Off                ; Off                ;
; Auto RAM Block Balancing                                                   ; On                 ; On                 ;
; Auto RAM to Logic Cell Conversion                                          ; Off                ; Off                ;
; Auto Resource Sharing                                                      ; Off                ; Off                ;
; Allow Any RAM Size For Recognition                                         ; Off                ; Off                ;
; Allow Any ROM Size For Recognition                                         ; Off                ; Off                ;
; Allow Any Shift Register Size For Recognition                              ; Off                ; Off                ;
; Use LogicLock Constraints during Resource Balancing                        ; On                 ; On                 ;
; Ignore translate_off and synthesis_off directives                          ; Off                ; Off                ;
; Timing-Driven Synthesis                                                    ; On                 ; On                 ;
; Show Parameter Settings Tables in Synthesis Report                         ; On                 ; On                 ;
; Ignore Maximum Fan-Out Assignments                                         ; Off                ; Off                ;
; Synchronization Register Chain Length                                      ; 2                  ; 2                  ;
; PowerPlay Power Optimization                                               ; Normal compilation ; Normal compilation ;
; HDL message level                                                          ; Level2             ; Level2             ;
; Suppress Register Optimization Related Messages                            ; Off                ; Off                ;
; Number of Removed Registers Reported in Synthesis Report                   ; 5000               ; 5000               ;
; Number of Inverted Registers Reported in Synthesis Report                  ; 100                ; 100                ;
; Clock MUX Protection                                                       ; On                 ; On                 ;
; Auto Gated Clock Conversion                                                ; Off                ; Off                ;
; Block Design Naming                                                        ; Auto               ; Auto               ;
; SDC constraint protection                                                  ; Off                ; Off                ;
; Synthesis Effort                                                           ; Auto               ; Auto               ;
; Shift Register Replacement - Allow Asynchronous Clear Signal               ; On                 ; On                 ;
; Analysis & Synthesis Message Level                                         ; Medium             ; Medium             ;
; Disable Register Merging Across Hierarchies                                ; Auto               ; Auto               ;
; Resource Aware Inference For Block RAM                                     ; On                 ; On                 ;
+----------------------------------------------------------------------------+--------------------+--------------------+


Parallel compilation was disabled, but you have multiple processors available. Enable parallel compilation to reduce compilation time.
+-------------------------------------+
; Parallel Compilation                ;
+----------------------------+--------+
; Processors                 ; Number ;
+----------------------------+--------+
; Number detected on machine ; 4      ;
; Maximum allowed            ; 1      ;
+----------------------------+--------+


+----------------------------------------------------------------------------------------------------------------------------------------------------+
; Analysis & Synthesis Source Files Read                                                                                                             ;
+----------------------------------+-----------------+------------------------------+----------------------------------------------------------------+
; File Name with User-Entered Path ; Used in Netlist ; File Type                    ; File Name with Absolute Path                                   ;
+----------------------------------+-----------------+------------------------------+----------------------------------------------------------------+
; hammer_game.vhd                  ; yes             ; User VHDL File               ; C:/Users/bajju/Desktop/VHDL prop/hammer_game.vhd               ;
; lpm_divide.tdf                   ; yes             ; Megafunction                 ; c:/altera/91sp2/quartus/libraries/megafunctions/lpm_divide.tdf ;
; db/lpm_divide_3po.tdf            ; yes             ; Auto-Generated Megafunction  ; C:/Users/bajju/Desktop/VHDL prop/db/lpm_divide_3po.tdf         ;
; db/abs_divider_4dg.tdf           ; yes             ; Auto-Generated Megafunction  ; C:/Users/bajju/Desktop/VHDL prop/db/abs_divider_4dg.tdf        ;
; db/alt_u_div_t8f.tdf             ; yes             ; Auto-Generated Megafunction  ; C:/Users/bajju/Desktop/VHDL prop/db/alt_u_div_t8f.tdf          ;
; db/add_sub_unc.tdf               ; yes             ; Auto-Generated Megafunction  ; C:/Users/bajju/Desktop/VHDL prop/db/add_sub_unc.tdf            ;
; db/add_sub_vnc.tdf               ; yes             ; Auto-Generated Megafunction  ; C:/Users/bajju/Desktop/VHDL prop/db/add_sub_vnc.tdf            ;
; db/lpm_abs_9v9.tdf               ; yes             ; Auto-Generated Megafunction  ; C:/Users/bajju/Desktop/VHDL prop/db/lpm_abs_9v9.tdf            ;
+----------------------------------+-----------------+------------------------------+----------------------------------------------------------------+


+---------------------------------------------------------+
; Analysis & Synthesis Resource Usage Summary             ;
+---------------------------------------------+-----------+
; Resource                                    ; Usage     ;
+---------------------------------------------+-----------+
; Estimated Total logic elements              ; 1,814     ;
;                                             ;           ;
; Total combinational functions               ; 1809      ;
; Logic element usage by number of LUT inputs ;           ;
;     -- 4 input functions                    ; 512       ;
;     -- 3 input functions                    ; 563       ;
;     -- <=2 input functions                  ; 734       ;
;                                             ;           ;
; Logic elements by mode                      ;           ;
;     -- normal mode                          ; 1087      ;
;     -- arithmetic mode                      ; 722       ;
;                                             ;           ;
; Total registers                             ; 149       ;
;     -- Dedicated logic registers            ; 149       ;
;     -- I/O registers                        ; 0         ;
;                                             ;           ;
; I/O pins                                    ; 12        ;
; Maximum fan-out node                        ; rst~input ;
; Maximum fan-out                             ; 106       ;
; Total fan-out                               ; 5567      ;
; Average fan-out                             ; 2.81      ;
+---------------------------------------------+-----------+


+------------------------------------------------------------------------------------------------------------------------------------------------------------------------------------------------------------------------------------------------------------------------------+
; Analysis & Synthesis Resource Utilization by Entity                                                                                                                                                                                                                          ;
+---------------------------------------+-------------------+--------------+-------------+--------------+---------+-----------+------+--------------+-----------------------------------------------------------------------------------------------------------+--------------+
; Compilation Hierarchy Node            ; LC Combinationals ; LC Registers ; Memory Bits ; DSP Elements ; DSP 9x9 ; DSP 18x18 ; Pins ; Virtual Pins ; Full Hierarchy Name                                                                                       ; Library Name ;
+---------------------------------------+-------------------+--------------+-------------+--------------+---------+-----------+------+--------------+-----------------------------------------------------------------------------------------------------------+--------------+
; |hammer_game                          ; 1809 (227)        ; 149 (149)    ; 0           ; 0            ; 0       ; 0         ; 12   ; 0            ; |hammer_game                                                                                              ; work         ;
;    |lpm_divide:Mod0|                  ; 1582 (0)          ; 0 (0)        ; 0           ; 0            ; 0       ; 0         ; 0    ; 0            ; |hammer_game|lpm_divide:Mod0                                                                              ;              ;
;       |lpm_divide_3po:auto_generated| ; 1582 (0)          ; 0 (0)        ; 0           ; 0            ; 0       ; 0         ; 0    ; 0            ; |hammer_game|lpm_divide:Mod0|lpm_divide_3po:auto_generated                                                ;              ;
;          |abs_divider_4dg:divider|    ; 1582 (3)          ; 0 (0)        ; 0           ; 0            ; 0       ; 0         ; 0    ; 0            ; |hammer_game|lpm_divide:Mod0|lpm_divide_3po:auto_generated|abs_divider_4dg:divider                        ;              ;
;             |alt_u_div_t8f:divider|   ; 1547 (1547)       ; 0 (0)        ; 0           ; 0            ; 0       ; 0         ; 0    ; 0            ; |hammer_game|lpm_divide:Mod0|lpm_divide_3po:auto_generated|abs_divider_4dg:divider|alt_u_div_t8f:divider  ;              ;
;             |lpm_abs_9v9:my_abs_num|  ; 32 (32)           ; 0 (0)        ; 0           ; 0            ; 0       ; 0         ; 0    ; 0            ; |hammer_game|lpm_divide:Mod0|lpm_divide_3po:auto_generated|abs_divider_4dg:divider|lpm_abs_9v9:my_abs_num ;              ;
+---------------------------------------+-------------------+--------------+-------------+--------------+---------+-----------+------+--------------+-----------------------------------------------------------------------------------------------------------+--------------+
Note: For table entries with two numbers listed, the numbers in parentheses indicate the number of resources of the given type used by the specific entity alone. The numbers listed outside of parentheses indicate the total resources of the given type used by the specific entity and all of its sub-entities in the hierarchy.


+--------------------------------------------------------------------------------+
; Registers Removed During Synthesis                                             ;
+-----------------------------------------+--------------------------------------+
; Register name                           ; Reason for Removal                   ;
+-----------------------------------------+--------------------------------------+
; led_value~0                             ; Stuck at GND due to stuck port clock ;
; led_value~1                             ; Stuck at GND due to stuck port clock ;
; led_value~2                             ; Stuck at GND due to stuck port clock ;
; led_value~3                             ; Stuck at GND due to stuck port clock ;
; led_value~4                             ; Stuck at GND due to stuck port clock ;
; led_value~5                             ; Stuck at GND due to stuck port clock ;
; led_value~6                             ; Stuck at GND due to stuck port clock ;
; led_value~7                             ; Stuck at GND due to stuck port clock ;
; led_value~8                             ; Stuck at GND due to stuck port clock ;
; win_var[4..31]                          ; Lost fanout                          ;
; temp2[3..100]                           ; Lost fanout                          ;
; Total Number of Removed Registers = 135 ;                                      ;
+-----------------------------------------+--------------------------------------+


+------------------------------------------------------+
; General Register Statistics                          ;
+----------------------------------------------+-------+
; Statistic                                    ; Value ;
+----------------------------------------------+-------+
; Total registers                              ; 149   ;
; Number of registers using Synchronous Clear  ; 104   ;
; Number of registers using Synchronous Load   ; 0     ;
; Number of registers using Asynchronous Clear ; 0     ;
; Number of registers using Asynchronous Load  ; 0     ;
; Number of registers using Clock Enable       ; 12    ;
; Number of registers using Preset             ; 0     ;
+----------------------------------------------+-------+


+------------------------------------------------------------------+
; Parameter Settings for Inferred Entity Instance: lpm_divide:Mod0 ;
+------------------------+----------------+------------------------+
; Parameter Name         ; Value          ; Type                   ;
+------------------------+----------------+------------------------+
; LPM_WIDTHN             ; 32             ; Untyped                ;
; LPM_WIDTHD             ; 32             ; Untyped                ;
; LPM_NREPRESENTATION    ; SIGNED         ; Untyped                ;
; LPM_DREPRESENTATION    ; SIGNED         ; Untyped                ;
; LPM_PIPELINE           ; 0              ; Untyped                ;
; LPM_REMAINDERPOSITIVE  ; FALSE          ; Untyped                ;
; MAXIMIZE_SPEED         ; 5              ; Untyped                ;
; CBXI_PARAMETER         ; lpm_divide_3po ; Untyped                ;
; CARRY_CHAIN            ; MANUAL         ; Untyped                ;
; OPTIMIZE_FOR_SPEED     ; 5              ; Untyped                ;
; AUTO_CARRY_CHAINS      ; ON             ; AUTO_CARRY             ;
; IGNORE_CARRY_BUFFERS   ; OFF            ; IGNORE_CARRY           ;
; AUTO_CASCADE_CHAINS    ; ON             ; AUTO_CASCADE           ;
; IGNORE_CASCADE_BUFFERS ; OFF            ; IGNORE_CASCADE         ;
+------------------------+----------------+------------------------+
Note: In order to hide this table in the UI and the text report file, please set the "Show Parameter Settings Tables in Synthesis Report" option in "Analysis and Synthesis Settings -> More Settings" to "Off".


+-------------------------------+
; Analysis & Synthesis Messages ;
+-------------------------------+
Info: *******************************************************************
Info: Running Quartus II Analysis & Synthesis
    Info: Version 9.1 Build 350 03/24/2010 Service Pack 2 SJ Web Edition
    Info: Processing started: Sat Nov 02 18:13:31 2019
Info: Command: quartus_map --read_settings_files=on --write_settings_files=off hammer_game -c hammer_game
Info: Found 2 design units, including 1 entities, in source file hammer_game.vhd
    Info: Found design unit 1: hammer_game-behave
    Info: Found entity 1: hammer_game
Info: Elaborating entity "hammer_game" for the top level hierarchy
Warning (10036): Verilog HDL or VHDL warning at hammer_game.vhd(19): object "ssrst" assigned a value but never read
Warning (10036): Verilog HDL or VHDL warning at hammer_game.vhd(19): object "srst" assigned a value but never read
Warning (10540): VHDL Signal Declaration warning at hammer_game.vhd(21): used explicit default value for signal "led_index" because signal was never assigned a value
Info: Found 1 instances of uninferred RAM logic
    Info: RAM logic "led_value" is uninferred due to inappropriate RAM size
Warning: 1 out of 4 addresses are uninitialized. The Quartus II software will initialize them to "0". There are 1 warnings found, and 1 warnings are reported.
    Warning: Memory Initialization File Address 3 is not initialized
Info: Inferred 1 megafunctions from design logic
    Info: Inferred divider/modulo megafunction ("lpm_divide") from the following logic: "Mod0"
Info: Elaborated megafunction instantiation "lpm_divide:Mod0"
Info: Instantiated megafunction "lpm_divide:Mod0" with the following parameter:
    Info: Parameter "LPM_WIDTHN" = "32"
    Info: Parameter "LPM_WIDTHD" = "32"
    Info: Parameter "LPM_NREPRESENTATION" = "SIGNED"
    Info: Parameter "LPM_DREPRESENTATION" = "SIGNED"
    Info: Parameter "LPM_HINT" = "LPM_REMAINDERPOSITIVE=FALSE"
Info: Found 1 design units, including 1 entities, in source file db/lpm_divide_3po.tdf
    Info: Found entity 1: lpm_divide_3po
Info: Found 1 design units, including 1 entities, in source file db/abs_divider_4dg.tdf
    Info: Found entity 1: abs_divider_4dg
Info: Found 1 design units, including 1 entities, in source file db/alt_u_div_t8f.tdf
    Info: Found entity 1: alt_u_div_t8f
Info: Found 1 design units, including 1 entities, in source file db/add_sub_unc.tdf
    Info: Found entity 1: add_sub_unc
Info: Found 1 design units, including 1 entities, in source file db/add_sub_vnc.tdf
    Info: Found entity 1: add_sub_vnc
Info: Found 1 design units, including 1 entities, in source file db/lpm_abs_9v9.tdf
    Info: Found entity 1: lpm_abs_9v9
Info: Timing-Driven Synthesis is running
Info: 126 registers lost all their fanouts during netlist optimizations. The first 126 are displayed below.
    Info: Register "win_var[4]" lost all its fanouts during netlist optimizations.
    Info: Register "win_var[5]" lost all its fanouts during netlist optimizations.
    Info: Register "win_var[6]" lost all its fanouts during netlist optimizations.
    Info: Register "win_var[7]" lost all its fanouts during netlist optimizations.
    Info: Register "win_var[8]" lost all its fanouts during netlist optimizations.
    Info: Register "win_var[9]" lost all its fanouts during netlist optimizations.
    Info: Register "win_var[10]" lost all its fanouts during netlist optimizations.
    Info: Register "win_var[11]" lost all its fanouts during netlist optimizations.
    Info: Register "win_var[12]" lost all its fanouts during netlist optimizations.
    Info: Register "win_var[13]" lost all its fanouts during netlist optimizations.
    Info: Register "win_var[14]" lost all its fanouts during netlist optimizations.
    Info: Register "win_var[15]" lost all its fanouts during netlist optimizations.
    Info: Register "win_var[16]" lost all its fanouts during netlist optimizations.
    Info: Register "win_var[17]" lost all its fanouts during netlist optimizations.
    Info: Register "win_var[18]" lost all its fanouts during netlist optimizations.
    Info: Register "win_var[19]" lost all its fanouts during netlist optimizations.
    Info: Register "win_var[20]" lost all its fanouts during netlist optimizations.
    Info: Register "win_var[21]" lost all its fanouts during netlist optimizations.
    Info: Register "win_var[22]" lost all its fanouts during netlist optimizations.
    Info: Register "win_var[23]" lost all its fanouts during netlist optimizations.
    Info: Register "win_var[24]" lost all its fanouts during netlist optimizations.
    Info: Register "win_var[25]" lost all its fanouts during netlist optimizations.
    Info: Register "win_var[26]" lost all its fanouts during netlist optimizations.
    Info: Register "win_var[27]" lost all its fanouts during netlist optimizations.
    Info: Register "win_var[28]" lost all its fanouts during netlist optimizations.
    Info: Register "win_var[29]" lost all its fanouts during netlist optimizations.
    Info: Register "win_var[30]" lost all its fanouts during netlist optimizations.
    Info: Register "win_var[31]" lost all its fanouts during netlist optimizations.
    Info: Register "temp2[3]" lost all its fanouts during netlist optimizations.
    Info: Register "temp2[4]" lost all its fanouts during netlist optimizations.
    Info: Register "temp2[5]" lost all its fanouts during netlist optimizations.
    Info: Register "temp2[6]" lost all its fanouts during netlist optimizations.
    Info: Register "temp2[7]" lost all its fanouts during netlist optimizations.
    Info: Register "temp2[8]" lost all its fanouts during netlist optimizations.
    Info: Register "temp2[9]" lost all its fanouts during netlist optimizations.
    Info: Register "temp2[10]" lost all its fanouts during netlist optimizations.
    Info: Register "temp2[11]" lost all its fanouts during netlist optimizations.
    Info: Register "temp2[12]" lost all its fanouts during netlist optimizations.
    Info: Register "temp2[13]" lost all its fanouts during netlist optimizations.
    Info: Register "temp2[14]" lost all its fanouts during netlist optimizations.
    Info: Register "temp2[15]" lost all its fanouts during netlist optimizations.
    Info: Register "temp2[16]" lost all its fanouts during netlist optimizations.
    Info: Register "temp2[17]" lost all its fanouts during netlist optimizations.
    Info: Register "temp2[18]" lost all its fanouts during netlist optimizations.
    Info: Register "temp2[19]" lost all its fanouts during netlist optimizations.
    Info: Register "temp2[20]" lost all its fanouts during netlist optimizations.
    Info: Register "temp2[21]" lost all its fanouts during netlist optimizations.
    Info: Register "temp2[22]" lost all its fanouts during netlist optimizations.
    Info: Register "temp2[23]" lost all its fanouts during netlist optimizations.
    Info: Register "temp2[24]" lost all its fanouts during netlist optimizations.
    Info: Register "temp2[25]" lost all its fanouts during netlist optimizations.
    Info: Register "temp2[26]" lost all its fanouts during netlist optimizations.
    Info: Register "temp2[27]" lost all its fanouts during netlist optimizations.
    Info: Register "temp2[28]" lost all its fanouts during netlist optimizations.
    Info: Register "temp2[29]" lost all its fanouts during netlist optimizations.
    Info: Register "temp2[30]" lost all its fanouts during netlist optimizations.
    Info: Register "temp2[31]" lost all its fanouts during netlist optimizations.
    Info: Register "temp2[32]" lost all its fanouts during netlist optimizations.
    Info: Register "temp2[33]" lost all its fanouts during netlist optimizations.
    Info: Register "temp2[34]" lost all its fanouts during netlist optimizations.
    Info: Register "temp2[35]" lost all its fanouts during netlist optimizations.
    Info: Register "temp2[36]" lost all its fanouts during netlist optimizations.
    Info: Register "temp2[37]" lost all its fanouts during netlist optimizations.
    Info: Register "temp2[38]" lost all its fanouts during netlist optimizations.
    Info: Register "temp2[39]" lost all its fanouts during netlist optimizations.
    Info: Register "temp2[40]" lost all its fanouts during netlist optimizations.
    Info: Register "temp2[41]" lost all its fanouts during netlist optimizations.
    Info: Register "temp2[42]" lost all its fanouts during netlist optimizations.
    Info: Register "temp2[43]" lost all its fanouts during netlist optimizations.
    Info: Register "temp2[44]" lost all its fanouts during netlist optimizations.
    Info: Register "temp2[45]" lost all its fanouts during netlist optimizations.
    Info: Register "temp2[46]" lost all its fanouts during netlist optimizations.
    Info: Register "temp2[47]" lost all its fanouts during netlist optimizations.
    Info: Register "temp2[48]" lost all its fanouts during netlist optimizations.
    Info: Register "temp2[49]" lost all its fanouts during netlist optimizations.
    Info: Register "temp2[50]" lost all its fanouts during netlist optimizations.
    Info: Register "temp2[51]" lost all its fanouts during netlist optimizations.
    Info: Register "temp2[52]" lost all its fanouts during netlist optimizations.
    Info: Register "temp2[53]" lost all its fanouts during netlist optimizations.
    Info: Register "temp2[54]" lost all its fanouts during netlist optimizations.
    Info: Register "temp2[55]" lost all its fanouts during netlist optimizations.
    Info: Register "temp2[56]" lost all its fanouts during netlist optimizations.
    Info: Register "temp2[57]" lost all its fanouts during netlist optimizations.
    Info: Register "temp2[58]" lost all its fanouts during netlist optimizations.
    Info: Register "temp2[59]" lost all its fanouts during netlist optimizations.
    Info: Register "temp2[60]" lost all its fanouts during netlist optimizations.
    Info: Register "temp2[61]" lost all its fanouts during netlist optimizations.
    Info: Register "temp2[62]" lost all its fanouts during netlist optimizations.
    Info: Register "temp2[63]" lost all its fanouts during netlist optimizations.
    Info: Register "temp2[64]" lost all its fanouts during netlist optimizations.
    Info: Register "temp2[65]" lost all its fanouts during netlist optimizations.
    Info: Register "temp2[66]" lost all its fanouts during netlist optimizations.
    Info: Register "temp2[67]" lost all its fanouts during netlist optimizations.
    Info: Register "temp2[68]" lost all its fanouts during netlist optimizations.
    Info: Register "temp2[69]" lost all its fanouts during netlist optimizations.
    Info: Register "temp2[70]" lost all its fanouts during netlist optimizations.
    Info: Register "temp2[71]" lost all its fanouts during netlist optimizations.
    Info: Register "temp2[72]" lost all its fanouts during netlist optimizations.
    Info: Register "temp2[73]" lost all its fanouts during netlist optimizations.
    Info: Register "temp2[74]" lost all its fanouts during netlist optimizations.
    Info: Register "temp2[75]" lost all its fanouts during netlist optimizations.
    Info: Register "temp2[76]" lost all its fanouts during netlist optimizations.
    Info: Register "temp2[77]" lost all its fanouts during netlist optimizations.
    Info: Register "temp2[78]" lost all its fanouts during netlist optimizations.
    Info: Register "temp2[79]" lost all its fanouts during netlist optimizations.
    Info: Register "temp2[80]" lost all its fanouts during netlist optimizations.
    Info: Register "temp2[81]" lost all its fanouts during netlist optimizations.
    Info: Register "temp2[82]" lost all its fanouts during netlist optimizations.
    Info: Register "temp2[83]" lost all its fanouts during netlist optimizations.
    Info: Register "temp2[84]" lost all its fanouts during netlist optimizations.
    Info: Register "temp2[85]" lost all its fanouts during netlist optimizations.
    Info: Register "temp2[86]" lost all its fanouts during netlist optimizations.
    Info: Register "temp2[87]" lost all its fanouts during netlist optimizations.
    Info: Register "temp2[88]" lost all its fanouts during netlist optimizations.
    Info: Register "temp2[89]" lost all its fanouts during netlist optimizations.
    Info: Register "temp2[90]" lost all its fanouts during netlist optimizations.
    Info: Register "temp2[91]" lost all its fanouts during netlist optimizations.
    Info: Register "temp2[92]" lost all its fanouts during netlist optimizations.
    Info: Register "temp2[93]" lost all its fanouts during netlist optimizations.
    Info: Register "temp2[94]" lost all its fanouts during netlist optimizations.
    Info: Register "temp2[95]" lost all its fanouts during netlist optimizations.
    Info: Register "temp2[96]" lost all its fanouts during netlist optimizations.
    Info: Register "temp2[97]" lost all its fanouts during netlist optimizations.
    Info: Register "temp2[98]" lost all its fanouts during netlist optimizations.
    Info: Register "temp2[99]" lost all its fanouts during netlist optimizations.
    Info: Register "temp2[100]" lost all its fanouts during netlist optimizations.
Info: Implemented 1827 device resources after synthesis - the final resource count might be different
    Info: Implemented 5 input pins
    Info: Implemented 7 output pins
    Info: Implemented 1815 logic cells
Info: Quartus II Analysis & Synthesis was successful. 0 errors, 5 warnings
    Info: Peak virtual memory: 266 megabytes
    Info: Processing ended: Sat Nov 02 18:13:36 2019
    Info: Elapsed time: 00:00:05
    Info: Total CPU time (on all processors): 00:00:07


